1#1594100465#::1..13.31*#/zk/crazy/example.php#Mozilla/5.0 (Windows NT 10.0; Win64; x64) AppleWebKit/537.36 (KHTML, like Gecko) Chrome/83.0.4103.116 Safari/537.36#1920 x 1080#http://localhost/zk/crazy/#24
2#1594100542#::1..13.31*#/zk/crazy/example.php#Mozilla/5.0 (Windows NT 10.0; Win64; x64) AppleWebKit/537.36 (KHTML, like Gecko) Chrome/83.0.4103.116 Safari/537.36#1920 x 1080#http://localhost/zk/crazy/#24
3#1594100979#::1..71.63*#/zk/crazy/example.php#Mozilla/5.0 (Windows NT 10.0; Win64; x64) AppleWebKit/537.36 (KHTML, like Gecko) Chrome/83.0.4103.116 Safari/537.36#1920 x 1080#http://localhost/zk/crazy/#24
4#1594101014#::1..71.63*#/zk/crazy/example.php#Mozilla/5.0 (Windows NT 10.0; Win64; x64) AppleWebKit/537.36 (KHTML, like Gecko) Chrome/83.0.4103.116 Safari/537.36#1920 x 1080#http://localhost/zk/crazy/#24
5#1594312365#::1..71.63*#/svg/geo/#Mozilla/5.0 (Windows NT 10.0; Win64; x64) AppleWebKit/537.36 (KHTML, like Gecko) Chrome/83.0.4103.116 Safari/537.36#1920 x 1080#http://localhost/svg/#24
6#1594312369#::1..71.63*#/svg/geo/#Mozilla/5.0 (Windows NT 10.0; Win64; x64) AppleWebKit/537.36 (KHTML, like Gecko) Chrome/83.0.4103.116 Safari/537.36#1920 x 1080#http://localhost/svg/#24
7#1594312797#::1..71.63*#/svg/geo/#Mozilla/5.0 (Windows NT 10.0; Win64; x64) AppleWebKit/537.36 (KHTML, like Gecko) Chrome/83.0.4103.116 Safari/537.36#1920 x 1080#http://localhost/svg/#24
8#1594312798#::1..71.63*#/svg/geo/#Mozilla/5.0 (Windows NT 10.0; Win64; x64) AppleWebKit/537.36 (KHTML, like Gecko) Chrome/83.0.4103.116 Safari/537.36#1920 x 1080#http://localhost/svg/#24
9#1594313071#::1..71.63*#/svg/geo/#Mozilla/5.0 (Windows NT 10.0; Win64; x64) AppleWebKit/537.36 (KHTML, like Gecko) Chrome/83.0.4103.116 Safari/537.36#1920 x 1080#http://localhost/svg/#24
10#1594313071#::1..71.63*#/svg/geo/#Mozilla/5.0 (Windows NT 10.0; Win64; x64) AppleWebKit/537.36 (KHTML, like Gecko) Chrome/83.0.4103.116 Safari/537.36#1920 x 1080#http://localhost/svg/#24
11#1594313072#::1..71.63*#/svg/geo/#Mozilla/5.0 (Windows NT 10.0; Win64; x64) AppleWebKit/537.36 (KHTML, like Gecko) Chrome/83.0.4103.116 Safari/537.36#1920 x 1080#http://localhost/svg/#24
12#1594313072#::1..71.63*#/svg/geo/#Mozilla/5.0 (Windows NT 10.0; Win64; x64) AppleWebKit/537.36 (KHTML, like Gecko) Chrome/83.0.4103.116 Safari/537.36#1920 x 1080#http://localhost/svg/#24
13#1594313089#::1..71.63*#/svg/geo/#Mozilla/5.0 (Windows NT 10.0; Win64; x64) AppleWebKit/537.36 (KHTML, like Gecko) Chrome/83.0.4103.116 Safari/537.36#1920 x 1080#http://localhost/svg/#24
14#1594313597#::1..71.63*#/svg/geo/#Mozilla/5.0 (Windows NT 10.0; Win64; x64) AppleWebKit/537.36 (KHTML, like Gecko) Chrome/83.0.4103.116 Safari/537.36#1920 x 1080#http://localhost/svg/#24
15#1594313606#::1..71.63*#/svg/geo/#Mozilla/5.0 (Windows NT 10.0; Win64; x64) AppleWebKit/537.36 (KHTML, like Gecko) Chrome/83.0.4103.116 Safari/537.36#1920 x 1080#http://localhost/svg/#24
16#1594313607#::1..71.63*#/svg/geo/#Mozilla/5.0 (Windows NT 10.0; Win64; x64) AppleWebKit/537.36 (KHTML, like Gecko) Chrome/83.0.4103.116 Safari/537.36#1920 x 1080#http://localhost/svg/#24
17#1594313843#::1..71.63*#/svg/geo/#Mozilla/5.0 (Windows NT 10.0; Win64; x64) AppleWebKit/537.36 (KHTML, like Gecko) Chrome/83.0.4103.116 Safari/537.36#1920 x 1080#http://localhost/svg/#24
18#1594313850#::1..71.63*#/svg/geo/geo.php#Mozilla/5.0 (Windows NT 10.0; Win64; x64) AppleWebKit/537.36 (KHTML, like Gecko) Chrome/83.0.4103.116 Safari/537.36#1920 x 1080#http://localhost/svg/geo/#24
19#1594313912#::1..71.63*#/svg/geo/geo.php#Mozilla/5.0 (Windows NT 10.0; Win64; x64) AppleWebKit/537.36 (KHTML, like Gecko) Chrome/83.0.4103.116 Safari/537.36#1920 x 1080#http://localhost/svg/geo/#24
20#1594313949#::1..71.63*#/svg/geo/geo.php#Mozilla/5.0 (Windows NT 10.0; Win64; x64) AppleWebKit/537.36 (KHTML, like Gecko) Chrome/83.0.4103.116 Safari/537.36#1920 x 1080#http://localhost/svg/geo/#24
21#1594313956#::1..71.63*#/svg/geo/geo.php#Mozilla/5.0 (Windows NT 10.0; Win64; x64) AppleWebKit/537.36 (KHTML, like Gecko) Chrome/83.0.4103.116 Safari/537.36#1920 x 1080#http://localhost/svg/geo/#24
22#1594314192#::1..71.63*#/svg/geo/geo.php#Mozilla/5.0 (Windows NT 10.0; Win64; x64) AppleWebKit/537.36 (KHTML, like Gecko) Chrome/83.0.4103.116 Safari/537.36#1920 x 1080#http://localhost/svg/geo/#24
23#1594314213#::1..71.63*#/svg/geo/geo.php#Mozilla/5.0 (Windows NT 10.0; Win64; x64) AppleWebKit/537.36 (KHTML, like Gecko) Chrome/83.0.4103.116 Safari/537.36#1920 x 1080#http://localhost/svg/geo/#24
24#1594314233#::1..71.63*#/svg/geo/geo.php#Mozilla/5.0 (Windows NT 10.0; Win64; x64) AppleWebKit/537.36 (KHTML, like Gecko) Chrome/83.0.4103.116 Safari/537.36#1920 x 1080#http://localhost/svg/geo/#24
25#1594314417#::1..71.63*#/svg/geo/#Mozilla/5.0 (Windows NT 10.0; Win64; x64) AppleWebKit/537.36 (KHTML, like Gecko) Chrome/83.0.4103.116 Safari/537.36#1920 x 1080#http://localhost/svg/#24
26#1594314420#::1..71.63*#/svg/geo/#Mozilla/5.0 (Windows NT 10.0; Win64; x64) AppleWebKit/537.36 (KHTML, like Gecko) Chrome/83.0.4103.116 Safari/537.36#1920 x 1080#http://localhost/svg/geo/#24
27#1594314421#::1..71.63*#/svg/geo/#Mozilla/5.0 (Windows NT 10.0; Win64; x64) AppleWebKit/537.36 (KHTML, like Gecko) Chrome/83.0.4103.116 Safari/537.36#1920 x 1080#http://localhost/svg/geo/#24
28#1594314422#::1..71.63*#/svg/geo/#Mozilla/5.0 (Windows NT 10.0; Win64; x64) AppleWebKit/537.36 (KHTML, like Gecko) Chrome/83.0.4103.116 Safari/537.36#1920 x 1080#http://localhost/svg/geo/#24
29#1594314423#::1..71.63*#/svg/geo/#Mozilla/5.0 (Windows NT 10.0; Win64; x64) AppleWebKit/537.36 (KHTML, like Gecko) Chrome/83.0.4103.116 Safari/537.36#1920 x 1080#http://localhost/svg/geo/#24
30#1594314430#::1..71.63*#/svg/geo/#Mozilla/5.0 (Windows NT 10.0; Win64; x64) AppleWebKit/537.36 (KHTML, like Gecko) Chrome/83.0.4103.116 Safari/537.36#1920 x 1080#http://localhost/svg/geo/#24
31#1594314435#::1..71.63*#/svg/geo/#Mozilla/5.0 (Windows NT 10.0; Win64; x64) AppleWebKit/537.36 (KHTML, like Gecko) Chrome/83.0.4103.116 Safari/537.36#1920 x 1080#http://localhost/svg/geo/#24
32#1594314494#::1..71.63*#/svg/geo/#Mozilla/5.0 (Windows NT 10.0; Win64; x64) AppleWebKit/537.36 (KHTML, like Gecko) Chrome/83.0.4103.116 Safari/537.36#1920 x 1080#http://localhost/svg/geo/#24
33#1594314604#::1..71.63*#/svg/geo/#Mozilla/5.0 (Windows NT 10.0; Win64; x64) AppleWebKit/537.36 (KHTML, like Gecko) Chrome/83.0.4103.116 Safari/537.36#1920 x 1080#http://localhost/svg/geo/#24
34#1594314699#::1..71.63*#/svg/geo/#Mozilla/5.0 (Windows NT 10.0; Win64; x64) AppleWebKit/537.36 (KHTML, like Gecko) Chrome/83.0.4103.116 Safari/537.36#1920 x 1080#http://localhost/svg/geo/#24
35#1594314700#::1..71.63*#/svg/geo/#Mozilla/5.0 (Windows NT 10.0; Win64; x64) AppleWebKit/537.36 (KHTML, like Gecko) Chrome/83.0.4103.116 Safari/537.36#1920 x 1080#http://localhost/svg/geo/#24
36#1594314700#::1..71.63*#/svg/geo/#Mozilla/5.0 (Windows NT 10.0; Win64; x64) AppleWebKit/537.36 (KHTML, like Gecko) Chrome/83.0.4103.116 Safari/537.36#1920 x 1080#http://localhost/svg/geo/#24
37#1594314769#::1..71.63*#/svg/geo/#Mozilla/5.0 (Windows NT 10.0; Win64; x64) AppleWebKit/537.36 (KHTML, like Gecko) Chrome/83.0.4103.116 Safari/537.36#1920 x 1080#http://localhost/svg/geo/#24
38#1594314785#::1..71.63*#/svg/geo/#Mozilla/5.0 (Windows NT 10.0; Win64; x64) AppleWebKit/537.36 (KHTML, like Gecko) Chrome/83.0.4103.116 Safari/537.36#1920 x 1080#http://localhost/svg/geo/#24
39#1594314786#::1..71.63*#/svg/geo/#Mozilla/5.0 (Windows NT 10.0; Win64; x64) AppleWebKit/537.36 (KHTML, like Gecko) Chrome/83.0.4103.116 Safari/537.36#1920 x 1080#http://localhost/svg/geo/#24
40#1594314786#::1..71.63*#/svg/geo/#Mozilla/5.0 (Windows NT 10.0; Win64; x64) AppleWebKit/537.36 (KHTML, like Gecko) Chrome/83.0.4103.116 Safari/537.36#1920 x 1080#http://localhost/svg/geo/#24
41#1594314943#::1..71.63*#/svg/geo/#Mozilla/5.0 (Windows NT 10.0; Win64; x64) AppleWebKit/537.36 (KHTML, like Gecko) Chrome/83.0.4103.116 Safari/537.36#1920 x 1080#http://localhost/svg/geo/#24
42#1594314982#::1..71.63*#/svg/geo/#Mozilla/5.0 (Windows NT 10.0; Win64; x64) AppleWebKit/537.36 (KHTML, like Gecko) Chrome/83.0.4103.116 Safari/537.36#1920 x 1080#http://localhost/svg/geo/#24
43#1594315038#::1..71.63*#/svg/geo/#Mozilla/5.0 (Windows NT 10.0; Win64; x64) AppleWebKit/537.36 (KHTML, like Gecko) Chrome/83.0.4103.116 Safari/537.36#1920 x 1080#http://localhost/svg/geo/#24
44#1594315115#::1..71.63*#/svg/geo/#Mozilla/5.0 (Windows NT 10.0; Win64; x64) AppleWebKit/537.36 (KHTML, like Gecko) Chrome/83.0.4103.116 Safari/537.36#1920 x 1080#http://localhost/svg/geo/#24
45#1594315138#::1..71.63*#/svg/geo/#Mozilla/5.0 (Windows NT 10.0; Win64; x64) AppleWebKit/537.36 (KHTML, like Gecko) Chrome/83.0.4103.116 Safari/537.36#1920 x 1080#http://localhost/svg/geo/#24
46#1594315213#::1..71.63*#/svg/geo/#Mozilla/5.0 (Windows NT 10.0; Win64; x64) AppleWebKit/537.36 (KHTML, like Gecko) Chrome/83.0.4103.116 Safari/537.36#1920 x 1080#http://localhost/svg/geo/#24
47#1594315228#::1..71.63*#/svg/geo/#Mozilla/5.0 (Windows NT 10.0; Win64; x64) AppleWebKit/537.36 (KHTML, like Gecko) Chrome/83.0.4103.116 Safari/537.36#1920 x 1080#http://localhost/svg/geo/#24
48#1594315509#::1..71.63*#/svg/geo/#Mozilla/5.0 (Windows NT 10.0; Win64; x64) AppleWebKit/537.36 (KHTML, like Gecko) Chrome/83.0.4103.116 Safari/537.36#1920 x 1080#http://localhost/svg/geo/#24
49#1594315542#::1..71.63*#/svg/geo/#Mozilla/5.0 (Windows NT 10.0; Win64; x64) AppleWebKit/537.36 (KHTML, like Gecko) Chrome/83.0.4103.116 Safari/537.36#1920 x 1080#http://localhost/svg/geo/#24
50#1594315566#::1..71.63*#/svg/geo/geo.php#Mozilla/5.0 (Windows NT 10.0; Win64; x64) AppleWebKit/537.36 (KHTML, like Gecko) Chrome/83.0.4103.116 Safari/537.36#1920 x 1080#http://localhost/svg/geo/#24
51#1594315580#::1..71.63*#/svg/geo/#Mozilla/5.0 (Windows NT 10.0; Win64; x64) AppleWebKit/537.36 (KHTML, like Gecko) Chrome/83.0.4103.116 Safari/537.36#1920 x 1080#http://localhost/svg/geo/#24
52#1594315588#::1..71.63*#/svg/geo/#Mozilla/5.0 (Windows NT 10.0; Win64; x64) AppleWebKit/537.36 (KHTML, like Gecko) Chrome/83.0.4103.116 Safari/537.36#1920 x 1080#http://localhost/svg/geo/#24
53#1594315694#::1..71.63*#/svg/geo/#Mozilla/5.0 (Windows NT 10.0; Win64; x64) AppleWebKit/537.36 (KHTML, like Gecko) Chrome/83.0.4103.116 Safari/537.36#1920 x 1080#http://localhost/svg/geo/#24
54#1594315739#::1..71.63*#/svg/geo/#Mozilla/5.0 (Windows NT 10.0; Win64; x64) AppleWebKit/537.36 (KHTML, like Gecko) Chrome/83.0.4103.116 Safari/537.36#1920 x 1080#http://localhost/svg/geo/#24
55#1594315779#::1..71.63*#/svg/geo/#Mozilla/5.0 (Windows NT 10.0; Win64; x64) AppleWebKit/537.36 (KHTML, like Gecko) Chrome/83.0.4103.116 Safari/537.36#1920 x 1080#http://localhost/svg/geo/#24
56#1594315959#::1..71.63*#/svg/geo/#Mozilla/5.0 (Windows NT 10.0; Win64; x64) AppleWebKit/537.36 (KHTML, like Gecko) Chrome/83.0.4103.116 Safari/537.36#1920 x 1080#http://localhost/svg/geo/#24
57#1594315968#::1..71.63*#/svg/geo/#Mozilla/5.0 (Windows NT 10.0; Win64; x64) AppleWebKit/537.36 (KHTML, like Gecko) Chrome/83.0.4103.116 Safari/537.36#1920 x 1080#http://localhost/svg/#24
58#1594315971#::1..71.63*#/svg/geo/#Mozilla/5.0 (Windows NT 10.0; Win64; x64) AppleWebKit/537.36 (KHTML, like Gecko) Chrome/83.0.4103.116 Safari/537.36#1920 x 1080#http://localhost/svg/geo/#24
59#1594315972#::1..71.63*#/svg/geo/#Mozilla/5.0 (Windows NT 10.0; Win64; x64) AppleWebKit/537.36 (KHTML, like Gecko) Chrome/83.0.4103.116 Safari/537.36#1920 x 1080#http://localhost/svg/geo/#24
60#1594315974#::1..71.63*#/svg/geo/#Mozilla/5.0 (Windows NT 10.0; Win64; x64) AppleWebKit/537.36 (KHTML, like Gecko) Chrome/83.0.4103.116 Safari/537.36#1920 x 1080#http://localhost/svg/#24
61#1594315976#::1..71.63*#/svg/geo/geo.php#Mozilla/5.0 (Windows NT 10.0; Win64; x64) AppleWebKit/537.36 (KHTML, like Gecko) Chrome/83.0.4103.116 Safari/537.36#1920 x 1080#http://localhost/svg/geo/#24
62#1594316055#::1..71.63*#/svg/geo/geo.php#Mozilla/5.0 (Windows NT 10.0; Win64; x64) AppleWebKit/537.36 (KHTML, like Gecko) Chrome/83.0.4103.116 Safari/537.36#1920 x 1080#http://localhost/svg/geo/#24
63#1594316099#::1..71.63*#/svg/geo/geo.php#Mozilla/5.0 (Windows NT 10.0; Win64; x64) AppleWebKit/537.36 (KHTML, like Gecko) Chrome/83.0.4103.116 Safari/537.36#1920 x 1080#http://localhost/svg/geo/#24
64#1594316145#::1..71.63*#/svg/geo/geo.php#Mozilla/5.0 (Windows NT 10.0; Win64; x64) AppleWebKit/537.36 (KHTML, like Gecko) Chrome/83.0.4103.116 Safari/537.36#1920 x 1080#http://localhost/svg/geo/#24
65#1594316159#::1..71.63*#/svg/geo/geo.php#Mozilla/5.0 (Windows NT 10.0; Win64; x64) AppleWebKit/537.36 (KHTML, like Gecko) Chrome/83.0.4103.116 Safari/537.36#1920 x 1080#http://localhost/svg/geo/#24
66#1594316199#::1..71.63*#/svg/geo/geo.php#Mozilla/5.0 (Windows NT 10.0; Win64; x64) AppleWebKit/537.36 (KHTML, like Gecko) Chrome/83.0.4103.116 Safari/537.36#1920 x 1080#http://localhost/svg/geo/#24
67#1594316238#::1..71.63*#/svg/geo/geo.php#Mozilla/5.0 (Windows NT 10.0; Win64; x64) AppleWebKit/537.36 (KHTML, like Gecko) Chrome/83.0.4103.116 Safari/537.36#1920 x 1080#http://localhost/svg/geo/#24
68#1594316243#::1..71.63*#/svg/geo/geo.php#Mozilla/5.0 (Windows NT 10.0; Win64; x64) AppleWebKit/537.36 (KHTML, like Gecko) Chrome/83.0.4103.116 Safari/537.36#1920 x 1080#http://localhost/svg/geo/#24
69#1594399014#::1..71.63*#/svg/geo/#Mozilla/5.0 (Windows NT 10.0; Win64; x64) AppleWebKit/537.36 (KHTML, like Gecko) Chrome/83.0.4103.116 Safari/537.36#1920 x 1080#http://localhost/svg/#24
70#1594399018#::1..71.63*#/svg/geo/geo.php#Mozilla/5.0 (Windows NT 10.0; Win64; x64) AppleWebKit/537.36 (KHTML, like Gecko) Chrome/83.0.4103.116 Safari/537.36#1920 x 1080#http://localhost/svg/geo/#24
71#1594399147#::1..71.63*#/svg/geo/#Mozilla/5.0 (Windows NT 10.0; Win64; x64) AppleWebKit/537.36 (KHTML, like Gecko) Chrome/83.0.4103.116 Safari/537.36#1920 x 1080#http://localhost/svg/#24
72#1594399245#::1..71.63*#/svg/geo/#Mozilla/5.0 (Windows NT 10.0; Win64; x64) AppleWebKit/537.36 (KHTML, like Gecko) Chrome/83.0.4103.116 Safari/537.36#1920 x 1080#http://localhost/svg/#24
73#1594399294#::1..71.63*#/svg/geo/#Mozilla/5.0 (Windows NT 10.0; Win64; x64) AppleWebKit/537.36 (KHTML, like Gecko) Chrome/83.0.4103.116 Safari/537.36#1920 x 1080#http://localhost/svg/#24
74#1594399489#::1..71.63*#/svg/geo/#Mozilla/5.0 (Windows NT 10.0; Win64; x64) AppleWebKit/537.36 (KHTML, like Gecko) Chrome/83.0.4103.116 Safari/537.36#1920 x 1080#http://localhost/svg/#24
75#1594399527#::1..71.63*#/svg/geo/#Mozilla/5.0 (Windows NT 10.0; Win64; x64) AppleWebKit/537.36 (KHTML, like Gecko) Chrome/83.0.4103.116 Safari/537.36#1920 x 1080#http://localhost/svg/#24
76#1594399531#::1..71.63*#/svg/geo/#Mozilla/5.0 (Windows NT 10.0; Win64; x64) AppleWebKit/537.36 (KHTML, like Gecko) Chrome/83.0.4103.116 Safari/537.36#1920 x 1080#http://localhost/svg/#24
77#1594399786#::1..71.63*#/svg/geo/#Mozilla/5.0 (Windows NT 10.0; Win64; x64) AppleWebKit/537.36 (KHTML, like Gecko) Chrome/83.0.4103.116 Safari/537.36#1920 x 1080#http://localhost/svg/#24
78#1594399789#::1..71.63*#/svg/geo/#Mozilla/5.0 (Windows NT 10.0; Win64; x64) AppleWebKit/537.36 (KHTML, like Gecko) Chrome/83.0.4103.116 Safari/537.36#1920 x 1080#http://localhost/svg/geo/#24
79#1594400008#::1..71.63*#/svg/geo/#Mozilla/5.0 (Windows NT 10.0; Win64; x64) AppleWebKit/537.36 (KHTML, like Gecko) Chrome/83.0.4103.116 Safari/537.36#1920 x 1080#http://localhost/svg/#24
80#1594400011#::1..71.63*#/svg/geo/#Mozilla/5.0 (Windows NT 10.0; Win64; x64) AppleWebKit/537.36 (KHTML, like Gecko) Chrome/83.0.4103.116 Safari/537.36#1920 x 1080#http://localhost/svg/#24
81#1594400013#::1..71.63*#/svg/geo/#Mozilla/5.0 (Windows NT 10.0; Win64; x64) AppleWebKit/537.36 (KHTML, like Gecko) Chrome/83.0.4103.116 Safari/537.36#1920 x 1080#http://localhost/svg/#24
82#1594400015#::1..71.63*#/svg/geo/#Mozilla/5.0 (Windows NT 10.0; Win64; x64) AppleWebKit/537.36 (KHTML, like Gecko) Chrome/83.0.4103.116 Safari/537.36#1920 x 1080#http://localhost/svg/#24
83#1594400057#::1..71.63*#/svg/geo/#Mozilla/5.0 (Windows NT 10.0; Win64; x64) AppleWebKit/537.36 (KHTML, like Gecko) Chrome/83.0.4103.116 Safari/537.36#1920 x 1080#http://localhost/svg/#24
84#1594400058#::1..71.63*#/svg/geo/news.php#Mozilla/5.0 (Windows NT 10.0; Win64; x64) AppleWebKit/537.36 (KHTML, like Gecko) Chrome/83.0.4103.116 Safari/537.36#1920 x 1080#http://localhost/svg/geo/#24
85#1594400062#::1..71.63*#/svg/geo/contact.php#Mozilla/5.0 (Windows NT 10.0; Win64; x64) AppleWebKit/537.36 (KHTML, like Gecko) Chrome/83.0.4103.116 Safari/537.36#1920 x 1080#http://localhost/svg/geo/news.php#24
86#1594400063#::1..71.63*#/svg/geo/about.php#Mozilla/5.0 (Windows NT 10.0; Win64; x64) AppleWebKit/537.36 (KHTML, like Gecko) Chrome/83.0.4103.116 Safari/537.36#1920 x 1080#http://localhost/svg/geo/contact.php#24
87#1594400135#::1..71.63*#/svg/geo/about.php#Mozilla/5.0 (Windows NT 10.0; Win64; x64) AppleWebKit/537.36 (KHTML, like Gecko) Chrome/83.0.4103.116 Safari/537.36#1920 x 1080#http://localhost/svg/geo/about.php#24
88#1594400172#::1..71.63*#/svg/geo/about.php#Mozilla/5.0 (Windows NT 10.0; Win64; x64) AppleWebKit/537.36 (KHTML, like Gecko) Chrome/83.0.4103.116 Safari/537.36#1920 x 1080#http://localhost/svg/geo/about.php#24
89#1594400175#::1..71.63*#/svg/geo/about.php#Mozilla/5.0 (Windows NT 10.0; Win64; x64) AppleWebKit/537.36 (KHTML, like Gecko) Chrome/83.0.4103.116 Safari/537.36#1920 x 1080#http://localhost/svg/geo/about.php#24
90#1594400238#::1..71.63*#/svg/geo/#Mozilla/5.0 (Windows NT 10.0; Win64; x64) AppleWebKit/537.36 (KHTML, like Gecko) Chrome/83.0.4103.116 Safari/537.36#1920 x 1080#http://localhost/svg/geo/about.php#24
91#1594400242#::1..71.63*#/svg/geo/news.php#Mozilla/5.0 (Windows NT 10.0; Win64; x64) AppleWebKit/537.36 (KHTML, like Gecko) Chrome/83.0.4103.116 Safari/537.36#1920 x 1080#http://localhost/svg/geo/#24
92#1594400250#::1..71.63*#/svg/geo/contact.php#Mozilla/5.0 (Windows NT 10.0; Win64; x64) AppleWebKit/537.36 (KHTML, like Gecko) Chrome/83.0.4103.116 Safari/537.36#1920 x 1080#http://localhost/svg/geo/news.php#24
93#1594400252#::1..71.63*#/svg/geo/about.php#Mozilla/5.0 (Windows NT 10.0; Win64; x64) AppleWebKit/537.36 (KHTML, like Gecko) Chrome/83.0.4103.116 Safari/537.36#1920 x 1080#http://localhost/svg/geo/contact.php#24
94#1594400257#::1..71.63*#/svg/geo/contact.php#Mozilla/5.0 (Windows NT 10.0; Win64; x64) AppleWebKit/537.36 (KHTML, like Gecko) Chrome/83.0.4103.116 Safari/537.36#1920 x 1080#http://localhost/svg/geo/about.php#24
95#1594400258#::1..71.63*#/svg/geo/news.php#Mozilla/5.0 (Windows NT 10.0; Win64; x64) AppleWebKit/537.36 (KHTML, like Gecko) Chrome/83.0.4103.116 Safari/537.36#1920 x 1080#http://localhost/svg/geo/contact.php#24
96#1594400258#::1..71.63*#/svg/geo/#Mozilla/5.0 (Windows NT 10.0; Win64; x64) AppleWebKit/537.36 (KHTML, like Gecko) Chrome/83.0.4103.116 Safari/537.36#1920 x 1080#http://localhost/svg/geo/news.php#24
97#1594400259#::1..71.63*#/svg/geo/geo.php#Mozilla/5.0 (Windows NT 10.0; Win64; x64) AppleWebKit/537.36 (KHTML, like Gecko) Chrome/83.0.4103.116 Safari/537.36#1920 x 1080#http://localhost/svg/geo/#24
98#1594400387#::1..71.63*#/svg/geo/about.php#Mozilla/5.0 (Windows NT 10.0; Win64; x64) AppleWebKit/537.36 (KHTML, like Gecko) Chrome/83.0.4103.116 Safari/537.36#1920 x 1080#http://localhost/svg/geo/#24
99#1594400388#::1..71.63*#/svg/geo/contact.php#Mozilla/5.0 (Windows NT 10.0; Win64; x64) AppleWebKit/537.36 (KHTML, like Gecko) Chrome/83.0.4103.116 Safari/537.36#1920 x 1080#http://localhost/svg/geo/about.php#24
100#1594400388#::1..71.63*#/svg/geo/news.php#Mozilla/5.0 (Windows NT 10.0; Win64; x64) AppleWebKit/537.36 (KHTML, like Gecko) Chrome/83.0.4103.116 Safari/537.36#1920 x 1080#http://localhost/svg/geo/contact.php#24
101#1594400389#::1..71.63*#/svg/geo/#Mozilla/5.0 (Windows NT 10.0; Win64; x64) AppleWebKit/537.36 (KHTML, like Gecko) Chrome/83.0.4103.116 Safari/537.36#1920 x 1080#http://localhost/svg/geo/news.php#24
102#1594400391#::1..71.63*#/svg/geo/news.php#Mozilla/5.0 (Windows NT 10.0; Win64; x64) AppleWebKit/537.36 (KHTML, like Gecko) Chrome/83.0.4103.116 Safari/537.36#1920 x 1080#http://localhost/svg/geo/#24
103#1594400392#::1..71.63*#/svg/geo/contact.php#Mozilla/5.0 (Windows NT 10.0; Win64; x64) AppleWebKit/537.36 (KHTML, like Gecko) Chrome/83.0.4103.116 Safari/537.36#1920 x 1080#http://localhost/svg/geo/news.php#24
104#1594400392#::1..71.63*#/svg/geo/about.php#Mozilla/5.0 (Windows NT 10.0; Win64; x64) AppleWebKit/537.36 (KHTML, like Gecko) Chrome/83.0.4103.116 Safari/537.36#1920 x 1080#http://localhost/svg/geo/contact.php#24
105#1594400393#::1..71.63*#/svg/geo/#Mozilla/5.0 (Windows NT 10.0; Win64; x64) AppleWebKit/537.36 (KHTML, like Gecko) Chrome/83.0.4103.116 Safari/537.36#1920 x 1080#http://localhost/svg/geo/about.php#24
106#1594401955#::1..71.63*#/svg/geo/geo.php#Mozilla/5.0 (Windows NT 10.0; Win64; x64) AppleWebKit/537.36 (KHTML, like Gecko) Chrome/83.0.4103.116 Safari/537.36#1920 x 1080#http://localhost/svg/geo/#24
107#1594401992#::1..71.63*#/svg/geo/geo.php#Mozilla/5.0 (Windows NT 10.0; Win64; x64) AppleWebKit/537.36 (KHTML, like Gecko) Chrome/83.0.4103.116 Safari/537.36#1920 x 1080#http://localhost/svg/geo/#24
108#1594402034#::1..71.63*#/svg/geo/geo.php#Mozilla/5.0 (Windows NT 10.0; Win64; x64) AppleWebKit/537.36 (KHTML, like Gecko) Chrome/83.0.4103.116 Safari/537.36#1920 x 1080#http://localhost/svg/geo/#24
109#1594402143#::1..71.63*#/svg/geo/geo.php#Mozilla/5.0 (Windows NT 10.0; Win64; x64) AppleWebKit/537.36 (KHTML, like Gecko) Chrome/83.0.4103.116 Safari/537.36#1920 x 1080#http://localhost/svg/geo/#24
110#1594402165#::1..71.63*#/svg/geo/geo.php#Mozilla/5.0 (Windows NT 10.0; Win64; x64) AppleWebKit/537.36 (KHTML, like Gecko) Chrome/83.0.4103.116 Safari/537.36#1920 x 1080#http://localhost/svg/geo/#24
111#1594402183#::1..71.63*#/svg/geo/geo.php#Mozilla/5.0 (Windows NT 10.0; Win64; x64) AppleWebKit/537.36 (KHTML, like Gecko) Chrome/83.0.4103.116 Safari/537.36#1920 x 1080#http://localhost/svg/geo/#24
112#1594402198#::1..71.63*#/svg/geo/geo.php#Mozilla/5.0 (Windows NT 10.0; Win64; x64) AppleWebKit/537.36 (KHTML, like Gecko) Chrome/83.0.4103.116 Safari/537.36#1920 x 1080#http://localhost/svg/geo/#24
113#1594402201#::1..71.63*#/svg/geo/geo.php#Mozilla/5.0 (Windows NT 10.0; Win64; x64) AppleWebKit/537.36 (KHTML, like Gecko) Chrome/83.0.4103.116 Safari/537.36#1920 x 1080#http://localhost/svg/geo/#24
114#1594402202#::1..71.63*#/svg/geo/geo.php#Mozilla/5.0 (Windows NT 10.0; Win64; x64) AppleWebKit/537.36 (KHTML, like Gecko) Chrome/83.0.4103.116 Safari/537.36#1920 x 1080#http://localhost/svg/geo/#24
115#1594402427#::1..71.63*#/svg/geo/geo.php#Mozilla/5.0 (Windows NT 10.0; Win64; x64) AppleWebKit/537.36 (KHTML, like Gecko) Chrome/83.0.4103.116 Safari/537.36#1920 x 1080#http://localhost/svg/geo/#24
116#1594402450#::1..71.63*#/svg/geo/geo.php#Mozilla/5.0 (Windows NT 10.0; Win64; x64) AppleWebKit/537.36 (KHTML, like Gecko) Chrome/83.0.4103.116 Safari/537.36#1920 x 1080#http://localhost/svg/geo/#24
117#1594402473#::1..71.63*#/svg/geo/geo.php#Mozilla/5.0 (Windows NT 10.0; Win64; x64) AppleWebKit/537.36 (KHTML, like Gecko) Chrome/83.0.4103.116 Safari/537.36#1920 x 1080#http://localhost/svg/geo/#24
118#1594402521#::1..71.63*#/svg/geo/geo.php#Mozilla/5.0 (Windows NT 10.0; Win64; x64) AppleWebKit/537.36 (KHTML, like Gecko) Chrome/83.0.4103.116 Safari/537.36#1920 x 1080#http://localhost/svg/geo/#24
119#1594402576#::1..71.63*#/svg/geo/geo.php#Mozilla/5.0 (Windows NT 10.0; Win64; x64) AppleWebKit/537.36 (KHTML, like Gecko) Chrome/83.0.4103.116 Safari/537.36#1920 x 1080#http://localhost/svg/geo/#24
120#1594402606#::1..71.63*#/svg/geo/geo.php#Mozilla/5.0 (Windows NT 10.0; Win64; x64) AppleWebKit/537.36 (KHTML, like Gecko) Chrome/83.0.4103.116 Safari/537.36#1920 x 1080#http://localhost/svg/geo/#24
121#1594402621#::1..71.63*#/svg/geo/geo.php#Mozilla/5.0 (Windows NT 10.0; Win64; x64) AppleWebKit/537.36 (KHTML, like Gecko) Chrome/83.0.4103.116 Safari/537.36#1920 x 1080#http://localhost/svg/geo/#24
122#1594402657#::1..71.63*#/svg/geo/geo.php#Mozilla/5.0 (Windows NT 10.0; Win64; x64) AppleWebKit/537.36 (KHTML, like Gecko) Chrome/83.0.4103.116 Safari/537.36#1920 x 1080#http://localhost/svg/geo/#24
123#1594402677#::1..71.63*#/svg/geo/geo.php#Mozilla/5.0 (Windows NT 10.0; Win64; x64) AppleWebKit/537.36 (KHTML, like Gecko) Chrome/83.0.4103.116 Safari/537.36#1920 x 1080#http://localhost/svg/geo/#24
124#1594402706#::1..71.63*#/svg/geo/geo.php#Mozilla/5.0 (Windows NT 10.0; Win64; x64) AppleWebKit/537.36 (KHTML, like Gecko) Chrome/83.0.4103.116 Safari/537.36#1920 x 1080#http://localhost/svg/geo/#24
125#1594402708#::1..71.63*#/svg/geo/geo.php#Mozilla/5.0 (Windows NT 10.0; Win64; x64) AppleWebKit/537.36 (KHTML, like Gecko) Chrome/83.0.4103.116 Safari/537.36#1920 x 1080#http://localhost/svg/geo/#24
126#1594402727#::1..71.63*#/svg/geo/geo.php#Mozilla/5.0 (Windows NT 10.0; Win64; x64) AppleWebKit/537.36 (KHTML, like Gecko) Chrome/83.0.4103.116 Safari/537.36#1920 x 1080#http://localhost/svg/geo/#24
127#1594402749#::1..71.63*#/svg/geo/geo.php#Mozilla/5.0 (Windows NT 10.0; Win64; x64) AppleWebKit/537.36 (KHTML, like Gecko) Chrome/83.0.4103.116 Safari/537.36#1920 x 1080#http://localhost/svg/geo/#24
128#1594402792#::1..71.63*#/svg/geo/geo.php#Mozilla/5.0 (Windows NT 10.0; Win64; x64) AppleWebKit/537.36 (KHTML, like Gecko) Chrome/83.0.4103.116 Safari/537.36#1920 x 1080#http://localhost/svg/geo/#24
129#1594402856#::1..71.63*#/svg/geo/geo.php#Mozilla/5.0 (Windows NT 10.0; Win64; x64) AppleWebKit/537.36 (KHTML, like Gecko) Chrome/83.0.4103.116 Safari/537.36#1920 x 1080#http://localhost/svg/geo/#24
130#1594438423#::1..71.63*#/svg/geo/#Mozilla/5.0 (Windows NT 10.0; Win64; x64) AppleWebKit/537.36 (KHTML, like Gecko) Chrome/83.0.4103.116 Safari/537.36#1920 x 1080#http://localhost/svg/#24
131#1594438441#::1..71.63*#/svg/geo/#Mozilla/5.0 (Windows NT 10.0; Win64; x64) AppleWebKit/537.36 (KHTML, like Gecko) Chrome/83.0.4103.116 Safari/537.36#1920 x 1080#http://localhost/svg/#24
132#1594438800#::1..71.63*#/svg/geo/#Mozilla/5.0 (Windows NT 10.0; Win64; x64) AppleWebKit/537.36 (KHTML, like Gecko) Chrome/83.0.4103.116 Safari/537.36#1920 x 1080#http://localhost/svg/#24
133#1594438980#::1..71.63*#/svg/geo/#Mozilla/5.0 (Windows NT 10.0; Win64; x64) AppleWebKit/537.36 (KHTML, like Gecko) Chrome/83.0.4103.116 Safari/537.36#1920 x 1080#http://localhost/svg/#24
134#1594438981#::1..71.63*#/svg/geo/#Mozilla/5.0 (Windows NT 10.0; Win64; x64) AppleWebKit/537.36 (KHTML, like Gecko) Chrome/83.0.4103.116 Safari/537.36#1920 x 1080#http://localhost/svg/#24
135#1594438981#::1..71.63*#/svg/geo/#Mozilla/5.0 (Windows NT 10.0; Win64; x64) AppleWebKit/537.36 (KHTML, like Gecko) Chrome/83.0.4103.116 Safari/537.36#1920 x 1080#http://localhost/svg/#24
136#1594438982#::1..71.63*#/svg/geo/#Mozilla/5.0 (Windows NT 10.0; Win64; x64) AppleWebKit/537.36 (KHTML, like Gecko) Chrome/83.0.4103.116 Safari/537.36#1920 x 1080#http://localhost/svg/#24
137#1594438982#::1..71.63*#/svg/geo/#Mozilla/5.0 (Windows NT 10.0; Win64; x64) AppleWebKit/537.36 (KHTML, like Gecko) Chrome/83.0.4103.116 Safari/537.36#1920 x 1080#http://localhost/svg/#24
138#1594438982#::1..71.63*#/svg/geo/#Mozilla/5.0 (Windows NT 10.0; Win64; x64) AppleWebKit/537.36 (KHTML, like Gecko) Chrome/83.0.4103.116 Safari/537.36#1920 x 1080#http://localhost/svg/#24
139#1594438983#::1..71.63*#/svg/geo/#Mozilla/5.0 (Windows NT 10.0; Win64; x64) AppleWebKit/537.36 (KHTML, like Gecko) Chrome/83.0.4103.116 Safari/537.36#1920 x 1080#http://localhost/svg/#24
140#1594438986#::1..71.63*#/svg/geo/#Mozilla/5.0 (Windows NT 10.0; Win64; x64) AppleWebKit/537.36 (KHTML, like Gecko) Chrome/83.0.4103.116 Safari/537.36#1920 x 1080#http://localhost/svg/#24
141#1594438987#::1..71.63*#/svg/geo/#Mozilla/5.0 (Windows NT 10.0; Win64; x64) AppleWebKit/537.36 (KHTML, like Gecko) Chrome/83.0.4103.116 Safari/537.36#1920 x 1080#http://localhost/svg/#24
142#1594439037#::1..71.63*#/svg/geo/geo.php#Mozilla/5.0 (Windows NT 10.0; Win64; x64) AppleWebKit/537.36 (KHTML, like Gecko) Chrome/83.0.4103.116 Safari/537.36#1920 x 1080#http://localhost/svg/geo/#24
143#1594439210#::1..71.63*#/svg/geo/geo.php#Mozilla/5.0 (Windows NT 10.0; Win64; x64) AppleWebKit/537.36 (KHTML, like Gecko) Chrome/83.0.4103.116 Safari/537.36#1920 x 1080#http://localhost/svg/geo/#24
144#1594439357#::1..71.63*#/svg/geo/#Mozilla/5.0 (Windows NT 10.0; Win64; x64) AppleWebKit/537.36 (KHTML, like Gecko) Chrome/83.0.4103.116 Safari/537.36#1920 x 1080#http://localhost/svg/#24
145#1594439472#::1..71.63*#/svg/geo/#Mozilla/5.0 (Windows NT 10.0; Win64; x64) AppleWebKit/537.36 (KHTML, like Gecko) Chrome/83.0.4103.116 Safari/537.36#1920 x 1080#http://localhost/svg/#24
146#1594439574#::1..71.63*#/svg/geo/#Mozilla/5.0 (Windows NT 10.0; Win64; x64) AppleWebKit/537.36 (KHTML, like Gecko) Chrome/83.0.4103.116 Safari/537.36#1920 x 1080#http://localhost/svg/#24
147#1594439589#::1..71.63*#/svg/geo/#Mozilla/5.0 (Windows NT 10.0; Win64; x64) AppleWebKit/537.36 (KHTML, like Gecko) Chrome/83.0.4103.116 Safari/537.36#1920 x 1080#http://localhost/svg/#24
148#1594439613#::1..71.63*#/svg/geo/#Mozilla/5.0 (Windows NT 10.0; Win64; x64) AppleWebKit/537.36 (KHTML, like Gecko) Chrome/83.0.4103.116 Safari/537.36#1920 x 1080#http://localhost/svg/#24
149#1594439635#::1..71.63*#/svg/geo/geo.php#Mozilla/5.0 (Windows NT 10.0; Win64; x64) AppleWebKit/537.36 (KHTML, like Gecko) Chrome/83.0.4103.116 Safari/537.36#1920 x 1080#http://localhost/svg/geo/#24
150#1594439639#::1..71.63*#/svg/geo/geo.php#Mozilla/5.0 (Windows NT 10.0; Win64; x64) AppleWebKit/537.36 (KHTML, like Gecko) Chrome/83.0.4103.116 Safari/537.36#1920 x 1080#http://localhost/svg/geo/#24
151#1594439650#::1..71.63*#/svg/geo/geo.php#Mozilla/5.0 (Windows NT 10.0; Win64; x64) AppleWebKit/537.36 (KHTML, like Gecko) Chrome/83.0.4103.116 Safari/537.36#1920 x 1080#http://localhost/svg/geo/#24
152#1594439901#::1..71.63*#/svg/geo/geo.php#Mozilla/5.0 (Windows NT 10.0; Win64; x64) AppleWebKit/537.36 (KHTML, like Gecko) Chrome/83.0.4103.116 Safari/537.36#1920 x 1080#http://localhost/svg/geo/#24
153#1594440023#::1..71.63*#/svg/geo/geo.php#Mozilla/5.0 (Windows NT 10.0; Win64; x64) AppleWebKit/537.36 (KHTML, like Gecko) Chrome/83.0.4103.116 Safari/537.36#1920 x 1080#http://localhost/svg/geo/#24
154#1594440058#::1..71.63*#/svg/geo/geo.php#Mozilla/5.0 (Windows NT 10.0; Win64; x64) AppleWebKit/537.36 (KHTML, like Gecko) Chrome/83.0.4103.116 Safari/537.36#1920 x 1080#http://localhost/svg/geo/#24
155#1594440132#::1..71.63*#/svg/geo/geo.php#Mozilla/5.0 (Windows NT 10.0; Win64; x64) AppleWebKit/537.36 (KHTML, like Gecko) Chrome/83.0.4103.116 Safari/537.36#1920 x 1080#http://localhost/svg/geo/#24
156#1594440556#::1..71.63*#/svg/geo/geo.php#Mozilla/5.0 (Windows NT 10.0; Win64; x64) AppleWebKit/537.36 (KHTML, like Gecko) Chrome/83.0.4103.116 Safari/537.36#1920 x 1080#http://localhost/svg/geo/#24
157#1594440588#::1..71.63*#/svg/geo/geo.php#Mozilla/5.0 (Windows NT 10.0; Win64; x64) AppleWebKit/537.36 (KHTML, like Gecko) Chrome/83.0.4103.116 Safari/537.36#1920 x 1080#http://localhost/svg/geo/#24
158#1594440638#::1..71.63*#/svg/geo/geo.php#Mozilla/5.0 (Windows NT 10.0; Win64; x64) AppleWebKit/537.36 (KHTML, like Gecko) Chrome/83.0.4103.116 Safari/537.36#1920 x 1080#http://localhost/svg/geo/#24
159#1594440657#::1..71.63*#/svg/geo/geo.php#Mozilla/5.0 (Windows NT 10.0; Win64; x64) AppleWebKit/537.36 (KHTML, like Gecko) Chrome/83.0.4103.116 Safari/537.36#1920 x 1080#http://localhost/svg/geo/#24
160#1594440714#::1..71.63*#/svg/geo/geo.php#Mozilla/5.0 (Windows NT 10.0; Win64; x64) AppleWebKit/537.36 (KHTML, like Gecko) Chrome/83.0.4103.116 Safari/537.36#1920 x 1080#http://localhost/svg/geo/#24
161#1594440726#::1..71.63*#/svg/geo/geo.php#Mozilla/5.0 (Windows NT 10.0; Win64; x64) AppleWebKit/537.36 (KHTML, like Gecko) Chrome/83.0.4103.116 Safari/537.36#1920 x 1080#http://localhost/svg/geo/#24
162#1594440850#::1..71.63*#/svg/geo/geo.php#Mozilla/5.0 (Windows NT 10.0; Win64; x64) AppleWebKit/537.36 (KHTML, like Gecko) Chrome/83.0.4103.116 Safari/537.36#1920 x 1080#http://localhost/svg/geo/#24
163#1594440891#::1..71.63*#/svg/geo/geo.php#Mozilla/5.0 (Windows NT 10.0; Win64; x64) AppleWebKit/537.36 (KHTML, like Gecko) Chrome/83.0.4103.116 Safari/537.36#1920 x 1080#http://localhost/svg/geo/#24
164#1594440952#::1..71.63*#/svg/geo/geo.php#Mozilla/5.0 (Windows NT 10.0; Win64; x64) AppleWebKit/537.36 (KHTML, like Gecko) Chrome/83.0.4103.116 Safari/537.36#1920 x 1080#http://localhost/svg/geo/#24
165#1594442279#::1..71.63*#/svg/geo/#Mozilla/5.0 (Windows NT 10.0; Win64; x64) AppleWebKit/537.36 (KHTML, like Gecko) Chrome/83.0.4103.116 Safari/537.36#1920 x 1080##24
166#1594442373#::1..71.63*#/svg/geo/#Mozilla/5.0 (Windows NT 10.0; Win64; x64) AppleWebKit/537.36 (KHTML, like Gecko) Chrome/83.0.4103.116 Safari/537.36#1920 x 1080#http://localhost/svg/#24
167#1594442374#::1..71.63*#/svg/geo/#Mozilla/5.0 (Windows NT 10.0; Win64; x64) AppleWebKit/537.36 (KHTML, like Gecko) Chrome/83.0.4103.116 Safari/537.36#1920 x 1080#http://localhost/svg/#24
168#1594442374#::1..71.63*#/svg/geo/#Mozilla/5.0 (Windows NT 10.0; Win64; x64) AppleWebKit/537.36 (KHTML, like Gecko) Chrome/83.0.4103.116 Safari/537.36#1920 x 1080#http://localhost/svg/#24
169#1594442375#::1..71.63*#/svg/geo/#Mozilla/5.0 (Windows NT 10.0; Win64; x64) AppleWebKit/537.36 (KHTML, like Gecko) Chrome/83.0.4103.116 Safari/537.36#1920 x 1080#http://localhost/svg/#24
170#1594442376#::1..71.63*#/svg/geo/#Mozilla/5.0 (Windows NT 10.0; Win64; x64) AppleWebKit/537.36 (KHTML, like Gecko) Chrome/83.0.4103.116 Safari/537.36#1920 x 1080#http://localhost/svg/#24
171#1594442377#::1..71.63*#/svg/geo/#Mozilla/5.0 (Windows NT 10.0; Win64; x64) AppleWebKit/537.36 (KHTML, like Gecko) Chrome/83.0.4103.116 Safari/537.36#1920 x 1080#http://localhost/svg/#24
172#1594442390#::1..71.63*#/svg/geo/#Mozilla/5.0 (Windows NT 10.0; Win64; x64) AppleWebKit/537.36 (KHTML, like Gecko) Chrome/83.0.4103.116 Safari/537.36#1920 x 1080#http://localhost/svg/geo/#24
173#1594442406#::1..71.63*#/svg/geo/#Mozilla/5.0 (Windows NT 10.0; Win64; x64) AppleWebKit/537.36 (KHTML, like Gecko) Chrome/83.0.4103.116 Safari/537.36#1920 x 1080#http://localhost/svg/geo/#24
174#1594442410#::1..71.63*#/svg/geo/#Mozilla/5.0 (Windows NT 10.0; Win64; x64) AppleWebKit/537.36 (KHTML, like Gecko) Chrome/83.0.4103.116 Safari/537.36#1920 x 1080#http://localhost/svg/geo/#24
175#1594442414#::1..71.63*#/svg/geo/#Mozilla/5.0 (Windows NT 10.0; Win64; x64) AppleWebKit/537.36 (KHTML, like Gecko) Chrome/83.0.4103.116 Safari/537.36#1920 x 1080#http://localhost/svg/#24
176#1594442416#::1..71.63*#/svg/geo/about.php#Mozilla/5.0 (Windows NT 10.0; Win64; x64) AppleWebKit/537.36 (KHTML, like Gecko) Chrome/83.0.4103.116 Safari/537.36#1920 x 1080#http://localhost/svg/geo/#24
177#1594442417#::1..71.63*#/svg/geo/contact.php#Mozilla/5.0 (Windows NT 10.0; Win64; x64) AppleWebKit/537.36 (KHTML, like Gecko) Chrome/83.0.4103.116 Safari/537.36#1920 x 1080#http://localhost/svg/geo/about.php#24
178#1594442418#::1..71.63*#/svg/geo/news.php#Mozilla/5.0 (Windows NT 10.0; Win64; x64) AppleWebKit/537.36 (KHTML, like Gecko) Chrome/83.0.4103.116 Safari/537.36#1920 x 1080#http://localhost/svg/geo/contact.php#24
179#1594442420#::1..71.63*#/svg/geo/#Mozilla/5.0 (Windows NT 10.0; Win64; x64) AppleWebKit/537.36 (KHTML, like Gecko) Chrome/83.0.4103.116 Safari/537.36#1920 x 1080#http://localhost/svg/geo/news.php#24
180#1594442566#::1..71.63*#/svg/geo/geo.php#Mozilla/5.0 (Windows NT 10.0; Win64; x64) AppleWebKit/537.36 (KHTML, like Gecko) Chrome/83.0.4103.116 Safari/537.36#1920 x 1080#http://localhost/svg/geo/#24
181#1594442575#::1..71.63*#/svg/geo/geo.php#Mozilla/5.0 (Windows NT 10.0; Win64; x64) AppleWebKit/537.36 (KHTML, like Gecko) Chrome/83.0.4103.116 Safari/537.36#1920 x 1080#http://localhost/svg/geo/#24
182#1594442682#::1..71.63*#/svg/geo/geo.php#Mozilla/5.0 (Windows NT 10.0; Win64; x64) AppleWebKit/537.36 (KHTML, like Gecko) Chrome/83.0.4103.116 Safari/537.36#1920 x 1080#http://localhost/svg/geo/#24
183#1594442794#::1..71.63*#/svg/geo/geo.php#Mozilla/5.0 (Windows NT 10.0; Win64; x64) AppleWebKit/537.36 (KHTML, like Gecko) Chrome/83.0.4103.116 Safari/537.36#1920 x 1080#http://localhost/svg/geo/#24
184#1594442902#::1..71.63*#/svg/geo/geo.php#Mozilla/5.0 (Windows NT 10.0; Win64; x64) AppleWebKit/537.36 (KHTML, like Gecko) Chrome/83.0.4103.116 Safari/537.36#1920 x 1080#http://localhost/svg/geo/#24
185#1594442918#::1..71.63*#/svg/geo/geo.php#Mozilla/5.0 (Windows NT 10.0; Win64; x64) AppleWebKit/537.36 (KHTML, like Gecko) Chrome/83.0.4103.116 Safari/537.36#1920 x 1080#http://localhost/svg/geo/#24
186#1594443082#::1..71.63*#/svg/geo/geo.php#Mozilla/5.0 (Windows NT 10.0; Win64; x64) AppleWebKit/537.36 (KHTML, like Gecko) Chrome/83.0.4103.116 Safari/537.36#1920 x 1080#http://localhost/svg/geo/#24
187#1594443112#::1..71.63*#/svg/geo/geo.php#Mozilla/5.0 (Windows NT 10.0; Win64; x64) AppleWebKit/537.36 (KHTML, like Gecko) Chrome/83.0.4103.116 Safari/537.36#1920 x 1080#http://localhost/svg/geo/#24
188#1594443122#::1..71.63*#/svg/geo/geo.php#Mozilla/5.0 (Windows NT 10.0; Win64; x64) AppleWebKit/537.36 (KHTML, like Gecko) Chrome/83.0.4103.116 Safari/537.36#1920 x 1080#http://localhost/svg/geo/#24
189#1594443135#::1..71.63*#/svg/geo/geo.php#Mozilla/5.0 (Windows NT 10.0; Win64; x64) AppleWebKit/537.36 (KHTML, like Gecko) Chrome/83.0.4103.116 Safari/537.36#1920 x 1080#http://localhost/svg/geo/#24
190#1594443143#::1..71.63*#/svg/geo/geo.php#Mozilla/5.0 (Windows NT 10.0; Win64; x64) AppleWebKit/537.36 (KHTML, like Gecko) Chrome/83.0.4103.116 Safari/537.36#1920 x 1080#http://localhost/svg/geo/#24
191#1594443216#::1..71.63*#/svg/geo/geo.php#Mozilla/5.0 (Windows NT 10.0; Win64; x64) AppleWebKit/537.36 (KHTML, like Gecko) Chrome/83.0.4103.116 Safari/537.36#1920 x 1080#http://localhost/svg/geo/#24
192#1594443233#::1..71.63*#/svg/geo/geo.php#Mozilla/5.0 (Windows NT 10.0; Win64; x64) AppleWebKit/537.36 (KHTML, like Gecko) Chrome/83.0.4103.116 Safari/537.36#1920 x 1080#http://localhost/svg/geo/#24
193#1594443264#::1..71.63*#/svg/geo/geo.php#Mozilla/5.0 (Windows NT 10.0; Win64; x64) AppleWebKit/537.36 (KHTML, like Gecko) Chrome/83.0.4103.116 Safari/537.36#1920 x 1080#http://localhost/svg/geo/#24
194#1594443378#::1..71.63*#/svg/geo/geo.php#Mozilla/5.0 (Windows NT 10.0; Win64; x64) AppleWebKit/537.36 (KHTML, like Gecko) Chrome/83.0.4103.116 Safari/537.36#1920 x 1080#http://localhost/svg/geo/#24
195#1594443473#::1..71.63*#/svg/geo/geo.php#Mozilla/5.0 (Windows NT 10.0; Win64; x64) AppleWebKit/537.36 (KHTML, like Gecko) Chrome/83.0.4103.116 Safari/537.36#1920 x 1080#http://localhost/svg/geo/#24
196#1594444245#::1..71.63*#/svg/geo/#Mozilla/5.0 (Windows NT 10.0; Win64; x64) AppleWebKit/537.36 (KHTML, like Gecko) Chrome/83.0.4103.116 Safari/537.36#1920 x 1080#http://localhost/svg/geo/news.php#24
197#1594444246#::1..71.63*#/svg/geo/geo.php#Mozilla/5.0 (Windows NT 10.0; Win64; x64) AppleWebKit/537.36 (KHTML, like Gecko) Chrome/83.0.4103.116 Safari/537.36#1920 x 1080#http://localhost/svg/geo/#24
198#1594444276#::1..71.63*#/svg/geo/geo.php#Mozilla/5.0 (Windows NT 10.0; Win64; x64) AppleWebKit/537.36 (KHTML, like Gecko) Chrome/83.0.4103.116 Safari/537.36#1920 x 1080#http://localhost/svg/geo/#24
199#1594444292#::1..71.63*#/svg/geo/geo.php#Mozilla/5.0 (Windows NT 10.0; Win64; x64) AppleWebKit/537.36 (KHTML, like Gecko) Chrome/83.0.4103.116 Safari/537.36#1920 x 1080#http://localhost/svg/geo/#24
200#1594444306#::1..71.63*#/svg/geo/geo.php#Mozilla/5.0 (Windows NT 10.0; Win64; x64) AppleWebKit/537.36 (KHTML, like Gecko) Chrome/83.0.4103.116 Safari/537.36#1920 x 1080#http://localhost/svg/geo/#24
201#1594444324#::1..71.63*#/svg/geo/geo.php#Mozilla/5.0 (Windows NT 10.0; Win64; x64) AppleWebKit/537.36 (KHTML, like Gecko) Chrome/83.0.4103.116 Safari/537.36#1920 x 1080#http://localhost/svg/geo/#24
202#1594444349#::1..71.63*#/svg/geo/geo.php#Mozilla/5.0 (Windows NT 10.0; Win64; x64) AppleWebKit/537.36 (KHTML, like Gecko) Chrome/83.0.4103.116 Safari/537.36#1920 x 1080#http://localhost/svg/geo/#24
203#1594444408#::1..71.63*#/svg/geo/#Mozilla/5.0 (Windows NT 10.0; Win64; x64) AppleWebKit/537.36 (KHTML, like Gecko) Chrome/83.0.4103.116 Safari/537.36#1920 x 1080#http://localhost/svg/#24
204#1594444409#::1..71.63*#/svg/geo/geo.php#Mozilla/5.0 (Windows NT 10.0; Win64; x64) AppleWebKit/537.36 (KHTML, like Gecko) Chrome/83.0.4103.116 Safari/537.36#1920 x 1080#http://localhost/svg/geo/#24
205#1594444443#::1..71.63*#/svg/geo/geo.php#Mozilla/5.0 (Windows NT 10.0; Win64; x64) AppleWebKit/537.36 (KHTML, like Gecko) Chrome/83.0.4103.116 Safari/537.36#1920 x 1080#http://localhost/svg/geo/#24
206#1594444481#::1..71.63*#/svg/geo/geo.php#Mozilla/5.0 (Windows NT 10.0; Win64; x64) AppleWebKit/537.36 (KHTML, like Gecko) Chrome/83.0.4103.116 Safari/537.36#1920 x 1080#http://localhost/svg/geo/#24
207#1594444543#::1..71.63*#/svg/geo/geo.php#Mozilla/5.0 (Windows NT 10.0; Win64; x64) AppleWebKit/537.36 (KHTML, like Gecko) Chrome/83.0.4103.116 Safari/537.36#1920 x 1080#http://localhost/svg/geo/#24
208#1594444811#::1..71.63*#/svg/geo/#Mozilla/5.0 (Windows NT 10.0; Win64; x64) AppleWebKit/537.36 (KHTML, like Gecko) Chrome/83.0.4103.116 Safari/537.36#1920 x 1080#http://localhost/svg/#24
209#1594444812#::1..71.63*#/svg/geo/#Mozilla/5.0 (Windows NT 10.0; Win64; x64) AppleWebKit/537.36 (KHTML, like Gecko) Chrome/83.0.4103.116 Safari/537.36#1920 x 1080#http://localhost/svg/#24
210#1594444812#::1..71.63*#/svg/geo/#Mozilla/5.0 (Windows NT 10.0; Win64; x64) AppleWebKit/537.36 (KHTML, like Gecko) Chrome/83.0.4103.116 Safari/537.36#1920 x 1080#http://localhost/svg/#24
211#1594444863#::1..71.63*#/svg/geo/geo.php#Mozilla/5.0 (Windows NT 10.0; Win64; x64) AppleWebKit/537.36 (KHTML, like Gecko) Chrome/83.0.4103.116 Safari/537.36#1920 x 1080#http://localhost/svg/geo/#24
212#1594444973#::1..71.63*#/svg/geo/geo.php#Mozilla/5.0 (Windows NT 10.0; Win64; x64) AppleWebKit/537.36 (KHTML, like Gecko) Chrome/83.0.4103.116 Safari/537.36#1920 x 1080#http://localhost/svg/geo/#24
213#1594445103#::1..71.63*#/svg/geo/geo.php#Mozilla/5.0 (Windows NT 10.0; Win64; x64) AppleWebKit/537.36 (KHTML, like Gecko) Chrome/83.0.4103.116 Safari/537.36#1920 x 1080#http://localhost/svg/geo/#24
214#1594445147#::1..71.63*#/svg/geo/geo.php#Mozilla/5.0 (Windows NT 10.0; Win64; x64) AppleWebKit/537.36 (KHTML, like Gecko) Chrome/83.0.4103.116 Safari/537.36#1920 x 1080#http://localhost/svg/geo/#24
215#1594445562#::1..71.63*#/svg/geo/#Mozilla/5.0 (Windows NT 10.0; Win64; x64) AppleWebKit/537.36 (KHTML, like Gecko) Chrome/83.0.4103.116 Safari/537.36#1920 x 1080#http://localhost/svg/#24
216#1594445564#::1..71.63*#/svg/geo/#Mozilla/5.0 (Windows NT 10.0; Win64; x64) AppleWebKit/537.36 (KHTML, like Gecko) Chrome/83.0.4103.116 Safari/537.36#1920 x 1080#http://localhost/svg/geo/#24
217#1594445566#::1..71.63*#/svg/geo/geo.php#Mozilla/5.0 (Windows NT 10.0; Win64; x64) AppleWebKit/537.36 (KHTML, like Gecko) Chrome/83.0.4103.116 Safari/537.36#1920 x 1080#http://localhost/svg/geo/#24
218#1594445665#::1..71.63*#/svg/geo/geo.php#Mozilla/5.0 (Windows NT 10.0; Win64; x64) AppleWebKit/537.36 (KHTML, like Gecko) Chrome/83.0.4103.116 Safari/537.36#1920 x 1080#http://localhost/svg/geo/#24
219#1594445692#::1..71.63*#/svg/geo/geo.php#Mozilla/5.0 (Windows NT 10.0; Win64; x64) AppleWebKit/537.36 (KHTML, like Gecko) Chrome/83.0.4103.116 Safari/537.36#1920 x 1080#http://localhost/svg/geo/#24
220#1594445716#::1..71.63*#/svg/geo/geo.php#Mozilla/5.0 (Windows NT 10.0; Win64; x64) AppleWebKit/537.36 (KHTML, like Gecko) Chrome/83.0.4103.116 Safari/537.36#1920 x 1080#http://localhost/svg/geo/#24
221#1594445770#::1..71.63*#/svg/geo/geo.php#Mozilla/5.0 (Windows NT 10.0; Win64; x64) AppleWebKit/537.36 (KHTML, like Gecko) Chrome/83.0.4103.116 Safari/537.36#1920 x 1080#http://localhost/svg/geo/#24
222#1594445779#::1..71.63*#/svg/geo/geo.php#Mozilla/5.0 (Windows NT 10.0; Win64; x64) AppleWebKit/537.36 (KHTML, like Gecko) Chrome/83.0.4103.116 Safari/537.36#1920 x 1080#http://localhost/svg/geo/#24
223#1594445805#::1..71.63*#/svg/geo/geo.php#Mozilla/5.0 (Windows NT 10.0; Win64; x64) AppleWebKit/537.36 (KHTML, like Gecko) Chrome/83.0.4103.116 Safari/537.36#1920 x 1080#http://localhost/svg/geo/#24
224#1594445805#::1..71.63*#/svg/geo/geo.php#Mozilla/5.0 (Windows NT 10.0; Win64; x64) AppleWebKit/537.36 (KHTML, like Gecko) Chrome/83.0.4103.116 Safari/537.36#1920 x 1080#http://localhost/svg/geo/#24
225#1594446006#::1..71.63*#/svg/geo/geo.php#Mozilla/5.0 (Windows NT 10.0; Win64; x64) AppleWebKit/537.36 (KHTML, like Gecko) Chrome/83.0.4103.116 Safari/537.36#1920 x 1080#http://localhost/svg/geo/#24
226#1594446007#::1..71.63*#/svg/geo/geo.php#Mozilla/5.0 (Windows NT 10.0; Win64; x64) AppleWebKit/537.36 (KHTML, like Gecko) Chrome/83.0.4103.116 Safari/537.36#1920 x 1080#http://localhost/svg/geo/#24
227#1594446015#::1..71.63*#/svg/geo/geo.php#Mozilla/5.0 (Windows NT 10.0; Win64; x64) AppleWebKit/537.36 (KHTML, like Gecko) Chrome/83.0.4103.116 Safari/537.36#1920 x 1080#http://localhost/svg/geo/#24
228#1594446016#::1..71.63*#/svg/geo/geo.php#Mozilla/5.0 (Windows NT 10.0; Win64; x64) AppleWebKit/537.36 (KHTML, like Gecko) Chrome/83.0.4103.116 Safari/537.36#1920 x 1080#http://localhost/svg/geo/#24
229#1594446042#::1..71.63*#/svg/geo/geo.php#Mozilla/5.0 (Windows NT 10.0; Win64; x64) AppleWebKit/537.36 (KHTML, like Gecko) Chrome/83.0.4103.116 Safari/537.36#1920 x 1080#http://localhost/svg/geo/#24
230#1594446090#::1..71.63*#/svg/geo/geo.php#Mozilla/5.0 (Windows NT 10.0; Win64; x64) AppleWebKit/537.36 (KHTML, like Gecko) Chrome/83.0.4103.116 Safari/537.36#1920 x 1080#http://localhost/svg/geo/#24
231#1594446091#::1..71.63*#/svg/geo/geo.php#Mozilla/5.0 (Windows NT 10.0; Win64; x64) AppleWebKit/537.36 (KHTML, like Gecko) Chrome/83.0.4103.116 Safari/537.36#1920 x 1080#http://localhost/svg/geo/#24
232#1594446092#::1..71.63*#/svg/geo/geo.php#Mozilla/5.0 (Windows NT 10.0; Win64; x64) AppleWebKit/537.36 (KHTML, like Gecko) Chrome/83.0.4103.116 Safari/537.36#1920 x 1080#http://localhost/svg/geo/#24
233#1594446093#::1..71.63*#/svg/geo/geo.php#Mozilla/5.0 (Windows NT 10.0; Win64; x64) AppleWebKit/537.36 (KHTML, like Gecko) Chrome/83.0.4103.116 Safari/537.36#1920 x 1080#http://localhost/svg/geo/#24
234#1594446094#::1..71.63*#/svg/geo/geo.php#Mozilla/5.0 (Windows NT 10.0; Win64; x64) AppleWebKit/537.36 (KHTML, like Gecko) Chrome/83.0.4103.116 Safari/537.36#1920 x 1080#http://localhost/svg/geo/#24
235#1594446095#::1..71.63*#/svg/geo/geo.php#Mozilla/5.0 (Windows NT 10.0; Win64; x64) AppleWebKit/537.36 (KHTML, like Gecko) Chrome/83.0.4103.116 Safari/537.36#1920 x 1080#http://localhost/svg/geo/#24
236#1594446116#::1..71.63*#/svg/geo/geo.php#Mozilla/5.0 (Windows NT 10.0; Win64; x64) AppleWebKit/537.36 (KHTML, like Gecko) Chrome/83.0.4103.116 Safari/537.36#1920 x 1080#http://localhost/svg/geo/#24
237#1594446130#::1..71.63*#/svg/geo/geo.php#Mozilla/5.0 (Windows NT 10.0; Win64; x64) AppleWebKit/537.36 (KHTML, like Gecko) Chrome/83.0.4103.116 Safari/537.36#1920 x 1080#http://localhost/svg/geo/#24
238#1594446185#::1..71.63*#/svg/geo/geo.php#Mozilla/5.0 (Windows NT 10.0; Win64; x64) AppleWebKit/537.36 (KHTML, like Gecko) Chrome/83.0.4103.116 Safari/537.36#1920 x 1080#http://localhost/svg/geo/#24
239#1594446204#::1..71.63*#/svg/geo/geo.php#Mozilla/5.0 (Windows NT 10.0; Win64; x64) AppleWebKit/537.36 (KHTML, like Gecko) Chrome/83.0.4103.116 Safari/537.36#1920 x 1080#http://localhost/svg/geo/#24
240#1594446239#::1..71.63*#/svg/geo/geo.php#Mozilla/5.0 (Windows NT 10.0; Win64; x64) AppleWebKit/537.36 (KHTML, like Gecko) Chrome/83.0.4103.116 Safari/537.36#1920 x 1080#http://localhost/svg/geo/#24
241#1594446297#::1..71.63*#/svg/geo/geo.php#Mozilla/5.0 (Windows NT 10.0; Win64; x64) AppleWebKit/537.36 (KHTML, like Gecko) Chrome/83.0.4103.116 Safari/537.36#1920 x 1080#http://localhost/svg/geo/#24
242#1594447489#::1..71.63*#/svg/geo/geo.php#Mozilla/5.0 (Windows NT 10.0; Win64; x64) AppleWebKit/537.36 (KHTML, like Gecko) Chrome/83.0.4103.116 Safari/537.36#1920 x 1080#http://localhost/svg/geo/#24
243#1594447561#::1..71.63*#/svg/geo/geo.php#Mozilla/5.0 (Windows NT 10.0; Win64; x64) AppleWebKit/537.36 (KHTML, like Gecko) Chrome/83.0.4103.116 Safari/537.36#1920 x 1080#http://localhost/svg/geo/#24
244#1594447587#::1..71.63*#/svg/geo/#Mozilla/5.0 (Windows NT 10.0; Win64; x64) AppleWebKit/537.36 (KHTML, like Gecko) Chrome/83.0.4103.116 Safari/537.36#1920 x 1080#http://localhost/svg/geo/#24
245#1594447590#::1..71.63*#/svg/geo/geo.php#Mozilla/5.0 (Windows NT 10.0; Win64; x64) AppleWebKit/537.36 (KHTML, like Gecko) Chrome/83.0.4103.116 Safari/537.36#1920 x 1080#http://localhost/svg/geo/#24
246#1594447684#::1..71.63*#/svg/geo/geo.php#Mozilla/5.0 (Windows NT 10.0; Win64; x64) AppleWebKit/537.36 (KHTML, like Gecko) Chrome/83.0.4103.116 Safari/537.36#1920 x 1080#http://localhost/svg/geo/#24
247#1594447757#::1..71.63*#/svg/geo/geo.php#Mozilla/5.0 (Windows NT 10.0; Win64; x64) AppleWebKit/537.36 (KHTML, like Gecko) Chrome/83.0.4103.116 Safari/537.36#1920 x 1080#http://localhost/svg/geo/#24
248#1594447767#::1..71.63*#/svg/geo/geo.php#Mozilla/5.0 (Windows NT 10.0; Win64; x64) AppleWebKit/537.36 (KHTML, like Gecko) Chrome/83.0.4103.116 Safari/537.36#1920 x 1080#http://localhost/svg/geo/#24
249#1594447779#::1..71.63*#/svg/geo/geo.php#Mozilla/5.0 (Windows NT 10.0; Win64; x64) AppleWebKit/537.36 (KHTML, like Gecko) Chrome/83.0.4103.116 Safari/537.36#1920 x 1080#http://localhost/svg/geo/#24
250#1594447796#::1..71.63*#/svg/geo/geo.php#Mozilla/5.0 (Windows NT 10.0; Win64; x64) AppleWebKit/537.36 (KHTML, like Gecko) Chrome/83.0.4103.116 Safari/537.36#1920 x 1080#http://localhost/svg/geo/#24
251#1594464941#::1..71.63*#/svg/geo/#Mozilla/5.0 (Windows NT 10.0; Win64; x64) AppleWebKit/537.36 (KHTML, like Gecko) Chrome/83.0.4103.116 Safari/537.36#1920 x 1080#http://localhost/svg/#24
252#1594464943#::1..71.63*#/svg/geo/geo.php#Mozilla/5.0 (Windows NT 10.0; Win64; x64) AppleWebKit/537.36 (KHTML, like Gecko) Chrome/83.0.4103.116 Safari/537.36#1920 x 1080#http://localhost/svg/geo/#24
253#1594464980#::1..71.63*#/svg/geo/geo.php#Mozilla/5.0 (Windows NT 10.0; Win64; x64) AppleWebKit/537.36 (KHTML, like Gecko) Chrome/83.0.4103.116 Safari/537.36#1920 x 1080#http://localhost/svg/geo/#24
254#1594465108#::1..71.63*#/svg/geo/geo.php#Mozilla/5.0 (Windows NT 10.0; Win64; x64) AppleWebKit/537.36 (KHTML, like Gecko) Chrome/83.0.4103.116 Safari/537.36#1920 x 1080#http://localhost/svg/geo/#24
255#1594465131#::1..71.63*#/svg/geo/geo.php#Mozilla/5.0 (Windows NT 10.0; Win64; x64) AppleWebKit/537.36 (KHTML, like Gecko) Chrome/83.0.4103.116 Safari/537.36#1920 x 1080#http://localhost/svg/geo/#24
256#1594465150#::1..71.63*#/svg/geo/geo.php#Mozilla/5.0 (Windows NT 10.0; Win64; x64) AppleWebKit/537.36 (KHTML, like Gecko) Chrome/83.0.4103.116 Safari/537.36#1920 x 1080#http://localhost/svg/geo/#24
257#1594465161#::1..71.63*#/svg/geo/geo.php#Mozilla/5.0 (Windows NT 10.0; Win64; x64) AppleWebKit/537.36 (KHTML, like Gecko) Chrome/83.0.4103.116 Safari/537.36#1920 x 1080#http://localhost/svg/geo/#24
258#1594465179#::1..71.63*#/svg/geo/geo.php#Mozilla/5.0 (Windows NT 10.0; Win64; x64) AppleWebKit/537.36 (KHTML, like Gecko) Chrome/83.0.4103.116 Safari/537.36#1920 x 1080#http://localhost/svg/geo/#24
259#1594465313#::1..71.63*#/svg/geo/geo.php#Mozilla/5.0 (Windows NT 10.0; Win64; x64) AppleWebKit/537.36 (KHTML, like Gecko) Chrome/83.0.4103.116 Safari/537.36#1920 x 1080#http://localhost/svg/geo/#24
260#1594465329#::1..71.63*#/svg/geo/geo.php#Mozilla/5.0 (Windows NT 10.0; Win64; x64) AppleWebKit/537.36 (KHTML, like Gecko) Chrome/83.0.4103.116 Safari/537.36#1920 x 1080#http://localhost/svg/geo/#24
261#1594465330#::1..71.63*#/svg/geo/geo.php#Mozilla/5.0 (Windows NT 10.0; Win64; x64) AppleWebKit/537.36 (KHTML, like Gecko) Chrome/83.0.4103.116 Safari/537.36#1920 x 1080#http://localhost/svg/geo/#24
262#1594465331#::1..71.63*#/svg/geo/geo.php#Mozilla/5.0 (Windows NT 10.0; Win64; x64) AppleWebKit/537.36 (KHTML, like Gecko) Chrome/83.0.4103.116 Safari/537.36#1920 x 1080#http://localhost/svg/geo/#24
263#1594465331#::1..71.63*#/svg/geo/geo.php#Mozilla/5.0 (Windows NT 10.0; Win64; x64) AppleWebKit/537.36 (KHTML, like Gecko) Chrome/83.0.4103.116 Safari/537.36#1920 x 1080#http://localhost/svg/geo/#24
264#1594465332#::1..71.63*#/svg/geo/geo.php#Mozilla/5.0 (Windows NT 10.0; Win64; x64) AppleWebKit/537.36 (KHTML, like Gecko) Chrome/83.0.4103.116 Safari/537.36#1920 x 1080#http://localhost/svg/geo/#24
265#1594465488#::1..71.63*#/svg/geo/geo.php#Mozilla/5.0 (Windows NT 10.0; Win64; x64) AppleWebKit/537.36 (KHTML, like Gecko) Chrome/83.0.4103.116 Safari/537.36#1920 x 1080#http://localhost/svg/geo/#24
266#1594465499#::1..71.63*#/svg/geo/geo.php#Mozilla/5.0 (Windows NT 10.0; Win64; x64) AppleWebKit/537.36 (KHTML, like Gecko) Chrome/83.0.4103.116 Safari/537.36#1920 x 1080#http://localhost/svg/geo/#24
267#1594465500#::1..71.63*#/svg/geo/geo.php#Mozilla/5.0 (Windows NT 10.0; Win64; x64) AppleWebKit/537.36 (KHTML, like Gecko) Chrome/83.0.4103.116 Safari/537.36#1920 x 1080#http://localhost/svg/geo/#24
268#1594465501#::1..71.63*#/svg/geo/geo.php#Mozilla/5.0 (Windows NT 10.0; Win64; x64) AppleWebKit/537.36 (KHTML, like Gecko) Chrome/83.0.4103.116 Safari/537.36#1920 x 1080#http://localhost/svg/geo/#24
269#1594465502#::1..71.63*#/svg/geo/geo.php#Mozilla/5.0 (Windows NT 10.0; Win64; x64) AppleWebKit/537.36 (KHTML, like Gecko) Chrome/83.0.4103.116 Safari/537.36#1920 x 1080#http://localhost/svg/geo/#24
270#1594465503#::1..71.63*#/svg/geo/geo.php#Mozilla/5.0 (Windows NT 10.0; Win64; x64) AppleWebKit/537.36 (KHTML, like Gecko) Chrome/83.0.4103.116 Safari/537.36#1920 x 1080#http://localhost/svg/geo/#24
271#1594465503#::1..71.63*#/svg/geo/geo.php#Mozilla/5.0 (Windows NT 10.0; Win64; x64) AppleWebKit/537.36 (KHTML, like Gecko) Chrome/83.0.4103.116 Safari/537.36#1920 x 1080#http://localhost/svg/geo/#24
272#1594465523#::1..71.63*#/svg/geo/geo.php#Mozilla/5.0 (Windows NT 10.0; Win64; x64) AppleWebKit/537.36 (KHTML, like Gecko) Chrome/83.0.4103.116 Safari/537.36#1920 x 1080#http://localhost/svg/geo/#24
273#1594465538#::1..71.63*#/svg/geo/geo.php#Mozilla/5.0 (Windows NT 10.0; Win64; x64) AppleWebKit/537.36 (KHTML, like Gecko) Chrome/83.0.4103.116 Safari/537.36#1920 x 1080#http://localhost/svg/geo/#24
274#1594465624#::1..71.63*#/svg/geo/geo.php#Mozilla/5.0 (Windows NT 10.0; Win64; x64) AppleWebKit/537.36 (KHTML, like Gecko) Chrome/83.0.4103.116 Safari/537.36#1920 x 1080#http://localhost/svg/geo/#24
275#1594465626#::1..71.63*#/svg/geo/geo.php#Mozilla/5.0 (Windows NT 10.0; Win64; x64) AppleWebKit/537.36 (KHTML, like Gecko) Chrome/83.0.4103.116 Safari/537.36#1920 x 1080#http://localhost/svg/geo/#24
276#1594465779#::1..71.63*#/svg/geo/#Mozilla/5.0 (Windows NT 10.0; Win64; x64) AppleWebKit/537.36 (KHTML, like Gecko) Chrome/83.0.4103.116 Safari/537.36#1920 x 1080#http://localhost/svg/#24
277#1594465781#::1..71.63*#/svg/geo/#Mozilla/5.0 (Windows NT 10.0; Win64; x64) AppleWebKit/537.36 (KHTML, like Gecko) Chrome/83.0.4103.116 Safari/537.36#1920 x 1080#http://localhost/svg/#24
278#1594465903#::1..71.63*#/svg/geo/#Mozilla/5.0 (Windows NT 10.0; Win64; x64) AppleWebKit/537.36 (KHTML, like Gecko) Chrome/83.0.4103.116 Safari/537.36#1920 x 1080#http://localhost/svg/#24
279#1594465945#::1..71.63*#/svg/geo/#Mozilla/5.0 (Windows NT 10.0; Win64; x64) AppleWebKit/537.36 (KHTML, like Gecko) Chrome/83.0.4103.116 Safari/537.36#1920 x 1080#http://localhost/svg/#24
280#1594465967#::1..71.63*#/svg/geo/#Mozilla/5.0 (Windows NT 10.0; Win64; x64) AppleWebKit/537.36 (KHTML, like Gecko) Chrome/83.0.4103.116 Safari/537.36#1920 x 1080#http://localhost/svg/#24
281#1594465988#::1..71.63*#/svg/geo/#Mozilla/5.0 (Windows NT 10.0; Win64; x64) AppleWebKit/537.36 (KHTML, like Gecko) Chrome/83.0.4103.116 Safari/537.36#1920 x 1080#http://localhost/svg/#24
282#1594466053#::1..71.63*#/svg/geo/#Mozilla/5.0 (Windows NT 10.0; Win64; x64) AppleWebKit/537.36 (KHTML, like Gecko) Chrome/83.0.4103.116 Safari/537.36#1920 x 1080#http://localhost/svg/#24
283#1594466077#::1..71.63*#/svg/geo/#Mozilla/5.0 (Windows NT 10.0; Win64; x64) AppleWebKit/537.36 (KHTML, like Gecko) Chrome/83.0.4103.116 Safari/537.36#1920 x 1080#http://localhost/svg/#24
284#1594466091#::1..71.63*#/svg/geo/#Mozilla/5.0 (Windows NT 10.0; Win64; x64) AppleWebKit/537.36 (KHTML, like Gecko) Chrome/83.0.4103.116 Safari/537.36#1920 x 1080#http://localhost/svg/#24
285#1594466099#::1..71.63*#/svg/geo/#Mozilla/5.0 (Windows NT 10.0; Win64; x64) AppleWebKit/537.36 (KHTML, like Gecko) Chrome/83.0.4103.116 Safari/537.36#1920 x 1080#http://localhost/svg/#24
286#1594466107#::1..71.63*#/svg/geo/#Mozilla/5.0 (Windows NT 10.0; Win64; x64) AppleWebKit/537.36 (KHTML, like Gecko) Chrome/83.0.4103.116 Safari/537.36#1920 x 1080#http://localhost/svg/#24
287#1594466114#::1..71.63*#/svg/geo/#Mozilla/5.0 (Windows NT 10.0; Win64; x64) AppleWebKit/537.36 (KHTML, like Gecko) Chrome/83.0.4103.116 Safari/537.36#1920 x 1080#http://localhost/svg/#24
288#1594466131#::1..71.63*#/svg/geo/#Mozilla/5.0 (Windows NT 10.0; Win64; x64) AppleWebKit/537.36 (KHTML, like Gecko) Chrome/83.0.4103.116 Safari/537.36#1920 x 1080#http://localhost/svg/#24
289#1594466140#::1..71.63*#/svg/geo/#Mozilla/5.0 (Windows NT 10.0; Win64; x64) AppleWebKit/537.36 (KHTML, like Gecko) Chrome/83.0.4103.116 Safari/537.36#1920 x 1080#http://localhost/svg/#24
290#1594466147#::1..71.63*#/svg/geo/#Mozilla/5.0 (Windows NT 10.0; Win64; x64) AppleWebKit/537.36 (KHTML, like Gecko) Chrome/83.0.4103.116 Safari/537.36#1920 x 1080#http://localhost/svg/#24
291#1594466157#::1..71.63*#/svg/geo/#Mozilla/5.0 (Windows NT 10.0; Win64; x64) AppleWebKit/537.36 (KHTML, like Gecko) Chrome/83.0.4103.116 Safari/537.36#1920 x 1080#http://localhost/svg/#24
292#1594466166#::1..71.63*#/svg/geo/#Mozilla/5.0 (Windows NT 10.0; Win64; x64) AppleWebKit/537.36 (KHTML, like Gecko) Chrome/83.0.4103.116 Safari/537.36#1920 x 1080#http://localhost/svg/#24
293#1594466218#::1..71.63*#/svg/geo/#Mozilla/5.0 (Windows NT 10.0; Win64; x64) AppleWebKit/537.36 (KHTML, like Gecko) Chrome/83.0.4103.116 Safari/537.36#1920 x 1080#http://localhost/svg/#24
294#1594466219#::1..71.63*#/svg/geo/#Mozilla/5.0 (Windows NT 10.0; Win64; x64) AppleWebKit/537.36 (KHTML, like Gecko) Chrome/83.0.4103.116 Safari/537.36#1920 x 1080#http://localhost/svg/geo/#24
295#1594466224#::1..71.63*#/svg/geo/#Mozilla/5.0 (Windows NT 10.0; Win64; x64) AppleWebKit/537.36 (KHTML, like Gecko) Chrome/83.0.4103.116 Safari/537.36#1920 x 1080#http://localhost/svg/geo/#24
296#1594466227#::1..71.63*#/svg/geo/#Mozilla/5.0 (Windows NT 10.0; Win64; x64) AppleWebKit/537.36 (KHTML, like Gecko) Chrome/83.0.4103.116 Safari/537.36#1920 x 1080#http://localhost/svg/geo/#24
297#1594466254#::1..71.63*#/svg/geo/news.php#Mozilla/5.0 (Windows NT 10.0; Win64; x64) AppleWebKit/537.36 (KHTML, like Gecko) Chrome/83.0.4103.116 Safari/537.36#1920 x 1080#http://localhost/svg/geo/#24
298#1594466255#::1..71.63*#/svg/geo/contact.php#Mozilla/5.0 (Windows NT 10.0; Win64; x64) AppleWebKit/537.36 (KHTML, like Gecko) Chrome/83.0.4103.116 Safari/537.36#1920 x 1080#http://localhost/svg/geo/news.php#24
299#1594466256#::1..71.63*#/svg/geo/about.php#Mozilla/5.0 (Windows NT 10.0; Win64; x64) AppleWebKit/537.36 (KHTML, like Gecko) Chrome/83.0.4103.116 Safari/537.36#1920 x 1080#http://localhost/svg/geo/contact.php#24
300#1594466267#::1..71.63*#/svg/geo/#Mozilla/5.0 (Windows NT 10.0; Win64; x64) AppleWebKit/537.36 (KHTML, like Gecko) Chrome/83.0.4103.116 Safari/537.36#1920 x 1080#http://localhost/svg/geo/about.php#24
301#1594466269#::1..71.63*#/svg/geo/geo.php#Mozilla/5.0 (Windows NT 10.0; Win64; x64) AppleWebKit/537.36 (KHTML, like Gecko) Chrome/83.0.4103.116 Safari/537.36#1920 x 1080#http://localhost/svg/geo/#24
302#1594466271#::1..71.63*#/svg/geo/#Mozilla/5.0 (Windows NT 10.0; Win64; x64) AppleWebKit/537.36 (KHTML, like Gecko) Chrome/83.0.4103.116 Safari/537.36#1920 x 1080#http://localhost/svg/geo/#24
303#1594466282#::1..71.63*#/svg/geo/geo.php#Mozilla/5.0 (Windows NT 10.0; Win64; x64) AppleWebKit/537.36 (KHTML, like Gecko) Chrome/83.0.4103.116 Safari/537.36#1920 x 1080#http://localhost/svg/geo/#24
304#1594466398#::1..71.63*#/svg/geo/#Mozilla/5.0 (Windows NT 10.0; Win64; x64) AppleWebKit/537.36 (KHTML, like Gecko) Chrome/83.0.4103.116 Safari/537.36#1920 x 1080#http://localhost/svg/geo/about.php#24
305#1594466400#::1..71.63*#/svg/geo/#Mozilla/5.0 (Windows NT 10.0; Win64; x64) AppleWebKit/537.36 (KHTML, like Gecko) Chrome/83.0.4103.116 Safari/537.36#1920 x 1080#http://localhost/svg/geo/#24
306#1594466401#::1..71.63*#/svg/geo/geo.php#Mozilla/5.0 (Windows NT 10.0; Win64; x64) AppleWebKit/537.36 (KHTML, like Gecko) Chrome/83.0.4103.116 Safari/537.36#1920 x 1080#http://localhost/svg/geo/#24
307#1594466403#::1..71.63*#/svg/geo/#Mozilla/5.0 (Windows NT 10.0; Win64; x64) AppleWebKit/537.36 (KHTML, like Gecko) Chrome/83.0.4103.116 Safari/537.36#1920 x 1080#http://localhost/svg/geo/#24
308#1594466404#::1..71.63*#/svg/geo/#Mozilla/5.0 (Windows NT 10.0; Win64; x64) AppleWebKit/537.36 (KHTML, like Gecko) Chrome/83.0.4103.116 Safari/537.36#1920 x 1080#http://localhost/svg/geo/#24
309#1594466404#::1..71.63*#/svg/geo/#Mozilla/5.0 (Windows NT 10.0; Win64; x64) AppleWebKit/537.36 (KHTML, like Gecko) Chrome/83.0.4103.116 Safari/537.36#1920 x 1080#http://localhost/svg/geo/#24
310#1594466405#::1..71.63*#/svg/geo/#Mozilla/5.0 (Windows NT 10.0; Win64; x64) AppleWebKit/537.36 (KHTML, like Gecko) Chrome/83.0.4103.116 Safari/537.36#1920 x 1080#http://localhost/svg/geo/#24
311#1594466406#::1..71.63*#/svg/geo/#Mozilla/5.0 (Windows NT 10.0; Win64; x64) AppleWebKit/537.36 (KHTML, like Gecko) Chrome/83.0.4103.116 Safari/537.36#1920 x 1080#http://localhost/svg/geo/#24
312#1594466478#::1..71.63*#/svg/geo/#Mozilla/5.0 (Windows NT 10.0; Win64; x64) AppleWebKit/537.36 (KHTML, like Gecko) Chrome/83.0.4103.116 Safari/537.36#1920 x 1080#http://localhost/svg/geo/#24
313#1594466520#::1..71.63*#/svg/geo/#Mozilla/5.0 (Windows NT 10.0; Win64; x64) AppleWebKit/537.36 (KHTML, like Gecko) Chrome/83.0.4103.116 Safari/537.36#1920 x 1080#http://localhost/svg/geo/#24
314#1594466541#::1..71.63*#/svg/geo/#Mozilla/5.0 (Windows NT 10.0; Win64; x64) AppleWebKit/537.36 (KHTML, like Gecko) Chrome/83.0.4103.116 Safari/537.36#1920 x 1080#http://localhost/svg/geo/#24
315#1594466556#::1..71.63*#/svg/geo/#Mozilla/5.0 (Windows NT 10.0; Win64; x64) AppleWebKit/537.36 (KHTML, like Gecko) Chrome/83.0.4103.116 Safari/537.36#1920 x 1080#http://localhost/svg/geo/#24
316#1594466719#::1..71.63*#/svg/geo/geo.php#Mozilla/5.0 (Windows NT 10.0; Win64; x64) AppleWebKit/537.36 (KHTML, like Gecko) Chrome/83.0.4103.116 Safari/537.36#1920 x 1080#http://localhost/svg/geo/#24
317#1594466801#::1..71.63*#/svg/geo/geo.php#Mozilla/5.0 (Windows NT 10.0; Win64; x64) AppleWebKit/537.36 (KHTML, like Gecko) Chrome/83.0.4103.116 Safari/537.36#1920 x 1080#http://localhost/svg/geo/#24
318#1594466836#::1..71.63*#/svg/geo/geo.php#Mozilla/5.0 (Windows NT 10.0; Win64; x64) AppleWebKit/537.36 (KHTML, like Gecko) Chrome/83.0.4103.116 Safari/537.36#1920 x 1080#http://localhost/svg/geo/#24
319#1594466839#::1..71.63*#/svg/geo/geo.php#Mozilla/5.0 (Windows NT 10.0; Win64; x64) AppleWebKit/537.36 (KHTML, like Gecko) Chrome/83.0.4103.116 Safari/537.36#1920 x 1080#http://localhost/svg/geo/#24
320#1594466840#::1..71.63*#/svg/geo/geo.php#Mozilla/5.0 (Windows NT 10.0; Win64; x64) AppleWebKit/537.36 (KHTML, like Gecko) Chrome/83.0.4103.116 Safari/537.36#1920 x 1080#http://localhost/svg/geo/#24
321#1594466840#::1..71.63*#/svg/geo/geo.php#Mozilla/5.0 (Windows NT 10.0; Win64; x64) AppleWebKit/537.36 (KHTML, like Gecko) Chrome/83.0.4103.116 Safari/537.36#1920 x 1080#http://localhost/svg/geo/#24
322#1594466894#::1..71.63*#/svg/geo/geo.php#Mozilla/5.0 (Windows NT 10.0; Win64; x64) AppleWebKit/537.36 (KHTML, like Gecko) Chrome/83.0.4103.116 Safari/537.36#1920 x 1080#http://localhost/svg/geo/#24
323#1594466901#::1..71.63*#/svg/geo/geo.php#Mozilla/5.0 (Windows NT 10.0; Win64; x64) AppleWebKit/537.36 (KHTML, like Gecko) Chrome/83.0.4103.116 Safari/537.36#1920 x 1080#http://localhost/svg/geo/#24
324#1594466904#::1..71.63*#/svg/geo/geo.php#Mozilla/5.0 (Windows NT 10.0; Win64; x64) AppleWebKit/537.36 (KHTML, like Gecko) Chrome/83.0.4103.116 Safari/537.36#1920 x 1080#http://localhost/svg/geo/#24
325#1594466904#::1..71.63*#/svg/geo/geo.php#Mozilla/5.0 (Windows NT 10.0; Win64; x64) AppleWebKit/537.36 (KHTML, like Gecko) Chrome/83.0.4103.116 Safari/537.36#1920 x 1080#http://localhost/svg/geo/#24
326#1594466905#::1..71.63*#/svg/geo/geo.php#Mozilla/5.0 (Windows NT 10.0; Win64; x64) AppleWebKit/537.36 (KHTML, like Gecko) Chrome/83.0.4103.116 Safari/537.36#1920 x 1080#http://localhost/svg/geo/#24
327#1594466906#::1..71.63*#/svg/geo/geo.php#Mozilla/5.0 (Windows NT 10.0; Win64; x64) AppleWebKit/537.36 (KHTML, like Gecko) Chrome/83.0.4103.116 Safari/537.36#1920 x 1080#http://localhost/svg/geo/#24
328#1594466907#::1..71.63*#/svg/geo/geo.php#Mozilla/5.0 (Windows NT 10.0; Win64; x64) AppleWebKit/537.36 (KHTML, like Gecko) Chrome/83.0.4103.116 Safari/537.36#1920 x 1080#http://localhost/svg/geo/#24
329#1594466908#::1..71.63*#/svg/geo/geo.php#Mozilla/5.0 (Windows NT 10.0; Win64; x64) AppleWebKit/537.36 (KHTML, like Gecko) Chrome/83.0.4103.116 Safari/537.36#1920 x 1080#http://localhost/svg/geo/#24
330#1594466908#::1..71.63*#/svg/geo/geo.php#Mozilla/5.0 (Windows NT 10.0; Win64; x64) AppleWebKit/537.36 (KHTML, like Gecko) Chrome/83.0.4103.116 Safari/537.36#1920 x 1080#http://localhost/svg/geo/#24
331#1594466909#::1..71.63*#/svg/geo/geo.php#Mozilla/5.0 (Windows NT 10.0; Win64; x64) AppleWebKit/537.36 (KHTML, like Gecko) Chrome/83.0.4103.116 Safari/537.36#1920 x 1080#http://localhost/svg/geo/#24
332#1594466910#::1..71.63*#/svg/geo/geo.php#Mozilla/5.0 (Windows NT 10.0; Win64; x64) AppleWebKit/537.36 (KHTML, like Gecko) Chrome/83.0.4103.116 Safari/537.36#1920 x 1080#http://localhost/svg/geo/#24
333#1594466911#::1..71.63*#/svg/geo/geo.php#Mozilla/5.0 (Windows NT 10.0; Win64; x64) AppleWebKit/537.36 (KHTML, like Gecko) Chrome/83.0.4103.116 Safari/537.36#1920 x 1080#http://localhost/svg/geo/#24
334#1594466911#::1..71.63*#/svg/geo/geo.php#Mozilla/5.0 (Windows NT 10.0; Win64; x64) AppleWebKit/537.36 (KHTML, like Gecko) Chrome/83.0.4103.116 Safari/537.36#1920 x 1080#http://localhost/svg/geo/#24
335#1594466912#::1..71.63*#/svg/geo/geo.php#Mozilla/5.0 (Windows NT 10.0; Win64; x64) AppleWebKit/537.36 (KHTML, like Gecko) Chrome/83.0.4103.116 Safari/537.36#1920 x 1080#http://localhost/svg/geo/#24
336#1594466913#::1..71.63*#/svg/geo/geo.php#Mozilla/5.0 (Windows NT 10.0; Win64; x64) AppleWebKit/537.36 (KHTML, like Gecko) Chrome/83.0.4103.116 Safari/537.36#1920 x 1080#http://localhost/svg/geo/#24
337#1594466914#::1..71.63*#/svg/geo/geo.php#Mozilla/5.0 (Windows NT 10.0; Win64; x64) AppleWebKit/537.36 (KHTML, like Gecko) Chrome/83.0.4103.116 Safari/537.36#1920 x 1080#http://localhost/svg/geo/#24
338#1594466914#::1..71.63*#/svg/geo/geo.php#Mozilla/5.0 (Windows NT 10.0; Win64; x64) AppleWebKit/537.36 (KHTML, like Gecko) Chrome/83.0.4103.116 Safari/537.36#1920 x 1080#http://localhost/svg/geo/#24
339#1594466915#::1..71.63*#/svg/geo/geo.php#Mozilla/5.0 (Windows NT 10.0; Win64; x64) AppleWebKit/537.36 (KHTML, like Gecko) Chrome/83.0.4103.116 Safari/537.36#1920 x 1080#http://localhost/svg/geo/#24
340#1594466916#::1..71.63*#/svg/geo/geo.php#Mozilla/5.0 (Windows NT 10.0; Win64; x64) AppleWebKit/537.36 (KHTML, like Gecko) Chrome/83.0.4103.116 Safari/537.36#1920 x 1080#http://localhost/svg/geo/#24
341#1594466917#::1..71.63*#/svg/geo/geo.php#Mozilla/5.0 (Windows NT 10.0; Win64; x64) AppleWebKit/537.36 (KHTML, like Gecko) Chrome/83.0.4103.116 Safari/537.36#1920 x 1080#http://localhost/svg/geo/#24
342#1594466919#::1..71.63*#/svg/geo/geo.php#Mozilla/5.0 (Windows NT 10.0; Win64; x64) AppleWebKit/537.36 (KHTML, like Gecko) Chrome/83.0.4103.116 Safari/537.36#1920 x 1080#http://localhost/svg/geo/#24
343#1594467082#::1..71.63*#/svg/geo/geo.php#Mozilla/5.0 (Windows NT 10.0; Win64; x64) AppleWebKit/537.36 (KHTML, like Gecko) Chrome/83.0.4103.116 Safari/537.36#1920 x 1080#http://localhost/svg/geo/#24
344#1594467328#::1..71.63*#/svg/geo/geo.php#Mozilla/5.0 (Windows NT 10.0; Win64; x64) AppleWebKit/537.36 (KHTML, like Gecko) Chrome/83.0.4103.116 Safari/537.36#1920 x 1080#http://localhost/svg/geo/#24
345#1594467516#::1..71.63*#/svg/geo/geo.php#Mozilla/5.0 (Windows NT 10.0; Win64; x64) AppleWebKit/537.36 (KHTML, like Gecko) Chrome/83.0.4103.116 Safari/537.36#1920 x 1080#http://localhost/svg/geo/#24
346#1594467972#::1..71.63*#/svg/geo/geo.php#Mozilla/5.0 (Windows NT 10.0; Win64; x64) AppleWebKit/537.36 (KHTML, like Gecko) Chrome/83.0.4103.116 Safari/537.36#1920 x 1080#http://localhost/svg/geo/#24
347#1594468157#::1..71.63*#/svg/geo/geo.php#Mozilla/5.0 (Windows NT 10.0; Win64; x64) AppleWebKit/537.36 (KHTML, like Gecko) Chrome/83.0.4103.116 Safari/537.36#1920 x 1080#http://localhost/svg/geo/#24
348#1594468182#::1..71.63*#/svg/geo/geo.php#Mozilla/5.0 (Windows NT 10.0; Win64; x64) AppleWebKit/537.36 (KHTML, like Gecko) Chrome/83.0.4103.116 Safari/537.36#1920 x 1080#http://localhost/svg/geo/#24
349#1594468221#::1..71.63*#/svg/geo/geo.php#Mozilla/5.0 (Windows NT 10.0; Win64; x64) AppleWebKit/537.36 (KHTML, like Gecko) Chrome/83.0.4103.116 Safari/537.36#1920 x 1080#http://localhost/svg/geo/#24
350#1594468652#::1..71.63*#/svg/geo/geo.php#Mozilla/5.0 (Windows NT 10.0; Win64; x64) AppleWebKit/537.36 (KHTML, like Gecko) Chrome/83.0.4103.116 Safari/537.36#1920 x 1080#http://localhost/svg/geo/#24
351#1594468988#::1..71.63*#/svg/geo/geo.php#Mozilla/5.0 (Windows NT 10.0; Win64; x64) AppleWebKit/537.36 (KHTML, like Gecko) Chrome/83.0.4103.116 Safari/537.36#1920 x 1080#http://localhost/svg/geo/#24
352#1594469126#::1..71.63*#/svg/geo/geo.php#Mozilla/5.0 (Windows NT 10.0; Win64; x64) AppleWebKit/537.36 (KHTML, like Gecko) Chrome/83.0.4103.116 Safari/537.36#1920 x 1080#http://localhost/svg/geo/#24
353#1594469294#::1..71.63*#/svg/geo/geo.php#Mozilla/5.0 (Windows NT 10.0; Win64; x64) AppleWebKit/537.36 (KHTML, like Gecko) Chrome/83.0.4103.116 Safari/537.36#1920 x 1080#http://localhost/svg/geo/#24
354#1594469336#::1..71.63*#/svg/geo/geo.php#Mozilla/5.0 (Windows NT 10.0; Win64; x64) AppleWebKit/537.36 (KHTML, like Gecko) Chrome/83.0.4103.116 Safari/537.36#1920 x 1080#http://localhost/svg/geo/#24
355#1594469369#::1..71.63*#/svg/geo/geo.php#Mozilla/5.0 (Windows NT 10.0; Win64; x64) AppleWebKit/537.36 (KHTML, like Gecko) Chrome/83.0.4103.116 Safari/537.36#1920 x 1080#http://localhost/svg/geo/#24
356#1594469397#::1..71.63*#/svg/geo/geo.php#Mozilla/5.0 (Windows NT 10.0; Win64; x64) AppleWebKit/537.36 (KHTML, like Gecko) Chrome/83.0.4103.116 Safari/537.36#1920 x 1080#http://localhost/svg/geo/#24
357#1594469541#::1..71.63*#/svg/geo/geo.php#Mozilla/5.0 (Windows NT 10.0; Win64; x64) AppleWebKit/537.36 (KHTML, like Gecko) Chrome/83.0.4103.116 Safari/537.36#1920 x 1080#http://localhost/svg/geo/#24
358#1594469583#::1..71.63*#/svg/geo/geo.php#Mozilla/5.0 (Windows NT 10.0; Win64; x64) AppleWebKit/537.36 (KHTML, like Gecko) Chrome/83.0.4103.116 Safari/537.36#1920 x 1080#http://localhost/svg/geo/#24
359#1594469614#::1..71.63*#/svg/geo/geo.php#Mozilla/5.0 (Windows NT 10.0; Win64; x64) AppleWebKit/537.36 (KHTML, like Gecko) Chrome/83.0.4103.116 Safari/537.36#1920 x 1080#http://localhost/svg/geo/#24
360#1594469615#::1..71.63*#/svg/geo/geo.php#Mozilla/5.0 (Windows NT 10.0; Win64; x64) AppleWebKit/537.36 (KHTML, like Gecko) Chrome/83.0.4103.116 Safari/537.36#1920 x 1080#http://localhost/svg/geo/#24
361#1594469727#::1..71.63*#/svg/geo/geo.php#Mozilla/5.0 (Windows NT 10.0; Win64; x64) AppleWebKit/537.36 (KHTML, like Gecko) Chrome/83.0.4103.116 Safari/537.36#1920 x 1080#http://localhost/svg/geo/#24
362#1594470155#::1..71.63*#/svg/geo/geo.php#Mozilla/5.0 (Windows NT 10.0; Win64; x64) AppleWebKit/537.36 (KHTML, like Gecko) Chrome/83.0.4103.116 Safari/537.36#1920 x 1080#http://localhost/svg/geo/#24
363#1594470502#::1..71.63*#/svg/geo/geo.php#Mozilla/5.0 (Windows NT 10.0; Win64; x64) AppleWebKit/537.36 (KHTML, like Gecko) Chrome/83.0.4103.116 Safari/537.36#1920 x 1080#http://localhost/svg/geo/#24
364#1594471790#::1..71.63*#/svg/geo/geo.php#Mozilla/5.0 (Windows NT 10.0; Win64; x64) AppleWebKit/537.36 (KHTML, like Gecko) Chrome/83.0.4103.116 Safari/537.36#1920 x 1080#http://localhost/svg/geo/#24
365#1594472105#::1..71.63*#/svg/geo/geo.php#Mozilla/5.0 (Windows NT 10.0; Win64; x64) AppleWebKit/537.36 (KHTML, like Gecko) Chrome/83.0.4103.116 Safari/537.36#1920 x 1080#http://localhost/svg/geo/#24
366#1594472179#::1..71.63*#/svg/geo/geo.php#Mozilla/5.0 (Windows NT 10.0; Win64; x64) AppleWebKit/537.36 (KHTML, like Gecko) Chrome/83.0.4103.116 Safari/537.36#1920 x 1080#http://localhost/svg/geo/#24
367#1594472423#::1..71.63*#/svg/geo/#Mozilla/5.0 (Windows NT 10.0; Win64; x64) AppleWebKit/537.36 (KHTML, like Gecko) Chrome/83.0.4103.116 Safari/537.36#1920 x 1080#http://localhost/svg/geo/#24
368#1594472424#::1..71.63*#/svg/geo/news.php#Mozilla/5.0 (Windows NT 10.0; Win64; x64) AppleWebKit/537.36 (KHTML, like Gecko) Chrome/83.0.4103.116 Safari/537.36#1920 x 1080#http://localhost/svg/geo/#24
369#1594472427#::1..71.63*#/svg/geo/contact.php#Mozilla/5.0 (Windows NT 10.0; Win64; x64) AppleWebKit/537.36 (KHTML, like Gecko) Chrome/83.0.4103.116 Safari/537.36#1920 x 1080#http://localhost/svg/geo/news.php#24
370#1594472428#::1..71.63*#/svg/geo/about.php#Mozilla/5.0 (Windows NT 10.0; Win64; x64) AppleWebKit/537.36 (KHTML, like Gecko) Chrome/83.0.4103.116 Safari/537.36#1920 x 1080#http://localhost/svg/geo/contact.php#24
371#1594472430#::1..71.63*#/svg/geo/contact.php#Mozilla/5.0 (Windows NT 10.0; Win64; x64) AppleWebKit/537.36 (KHTML, like Gecko) Chrome/83.0.4103.116 Safari/537.36#1920 x 1080#http://localhost/svg/geo/news.php#24
372#1594472431#::1..71.63*#/svg/geo/news.php#Mozilla/5.0 (Windows NT 10.0; Win64; x64) AppleWebKit/537.36 (KHTML, like Gecko) Chrome/83.0.4103.116 Safari/537.36#1920 x 1080#http://localhost/svg/geo/#24
373#1594472432#::1..71.63*#/svg/geo/news.php#Mozilla/5.0 (Windows NT 10.0; Win64; x64) AppleWebKit/537.36 (KHTML, like Gecko) Chrome/83.0.4103.116 Safari/537.36#1920 x 1080#http://localhost/svg/geo/#24
374#1594472433#::1..71.63*#/svg/geo/#Mozilla/5.0 (Windows NT 10.0; Win64; x64) AppleWebKit/537.36 (KHTML, like Gecko) Chrome/83.0.4103.116 Safari/537.36#1920 x 1080#http://localhost/svg/geo/news.php#24
375#1594472434#::1..71.63*#/svg/geo/geo.php#Mozilla/5.0 (Windows NT 10.0; Win64; x64) AppleWebKit/537.36 (KHTML, like Gecko) Chrome/83.0.4103.116 Safari/537.36#1920 x 1080#http://localhost/svg/geo/#24
376#1594472465#::1..71.63*#/svg/geo/#Mozilla/5.0 (Windows NT 10.0; Win64; x64) AppleWebKit/537.36 (KHTML, like Gecko) Chrome/83.0.4103.116 Safari/537.36#1920 x 1080#http://localhost/svg/geo/#24
377#1594473410#::1..71.63*#/svg/geo/about.php#Mozilla/5.0 (Windows NT 10.0; Win64; x64) AppleWebKit/537.36 (KHTML, like Gecko) Chrome/83.0.4103.116 Safari/537.36#1920 x 1080#http://localhost/svg/geo/#24
378#1594473898#::1..71.63*#/svg/geo/about.php#Mozilla/5.0 (Windows NT 10.0; Win64; x64) AppleWebKit/537.36 (KHTML, like Gecko) Chrome/83.0.4103.116 Safari/537.36#1920 x 1080#http://localhost/svg/geo/#24
379#1594473899#::1..71.63*#/svg/geo/about.php#Mozilla/5.0 (Windows NT 10.0; Win64; x64) AppleWebKit/537.36 (KHTML, like Gecko) Chrome/83.0.4103.116 Safari/537.36#1920 x 1080#http://localhost/svg/geo/#24
380#1594473902#::1..71.63*#/svg/geo/#Mozilla/5.0 (Windows NT 10.0; Win64; x64) AppleWebKit/537.36 (KHTML, like Gecko) Chrome/83.0.4103.116 Safari/537.36#1920 x 1080#http://localhost/svg/geo/#24
381#1594473903#::1..71.63*#/svg/geo/#Mozilla/5.0 (Windows NT 10.0; Win64; x64) AppleWebKit/537.36 (KHTML, like Gecko) Chrome/83.0.4103.116 Safari/537.36#1920 x 1080#http://localhost/svg/geo/#24
382#1594645741#::1..71.63*#/svg/geo/#Mozilla/5.0 (Windows NT 10.0; Win64; x64) AppleWebKit/537.36 (KHTML, like Gecko) Chrome/83.0.4103.116 Safari/537.36#1920 x 1080#http://localhost/svg/#24
383#1594645742#::1..71.63*#/svg/geo/geo.php#Mozilla/5.0 (Windows NT 10.0; Win64; x64) AppleWebKit/537.36 (KHTML, like Gecko) Chrome/83.0.4103.116 Safari/537.36#1920 x 1080#http://localhost/svg/geo/#24
384#1594645855#::1..71.63*#/svg/geo/geo.php#Mozilla/5.0 (Windows NT 10.0; Win64; x64) AppleWebKit/537.36 (KHTML, like Gecko) Chrome/83.0.4103.116 Safari/537.36#1920 x 1080#http://localhost/svg/geo/#24
385#1594646030#::1..71.63*#/svg/geo/geo.php#Mozilla/5.0 (Windows NT 10.0; Win64; x64) AppleWebKit/537.36 (KHTML, like Gecko) Chrome/83.0.4103.116 Safari/537.36#1920 x 1080#http://localhost/svg/geo/#24
386#1594646138#::1..71.63*#/svg/geo/geo.php#Mozilla/5.0 (Windows NT 10.0; Win64; x64) AppleWebKit/537.36 (KHTML, like Gecko) Chrome/83.0.4103.116 Safari/537.36#1920 x 1080#http://localhost/svg/geo/#24
387#1594646285#::1..71.63*#/svg/geo/geo.php#Mozilla/5.0 (Windows NT 10.0; Win64; x64) AppleWebKit/537.36 (KHTML, like Gecko) Chrome/83.0.4103.116 Safari/537.36#1920 x 1080#http://localhost/svg/geo/#24
388#1594646323#::1..71.63*#/svg/geo/geo.php#Mozilla/5.0 (Windows NT 10.0; Win64; x64) AppleWebKit/537.36 (KHTML, like Gecko) Chrome/83.0.4103.116 Safari/537.36#1920 x 1080#http://localhost/svg/geo/#24
389#1594646394#::1..71.63*#/svg/geo/geo.php#Mozilla/5.0 (Windows NT 10.0; Win64; x64) AppleWebKit/537.36 (KHTML, like Gecko) Chrome/83.0.4103.116 Safari/537.36#1920 x 1080#http://localhost/svg/geo/#24
390#1594646413#::1..71.63*#/svg/geo/geo.php#Mozilla/5.0 (Windows NT 10.0; Win64; x64) AppleWebKit/537.36 (KHTML, like Gecko) Chrome/83.0.4103.116 Safari/537.36#1920 x 1080#http://localhost/svg/geo/#24
391#1594646552#::1..71.63*#/svg/geo/geo.php#Mozilla/5.0 (Windows NT 10.0; Win64; x64) AppleWebKit/537.36 (KHTML, like Gecko) Chrome/83.0.4103.116 Safari/537.36#1920 x 1080#http://localhost/svg/geo/#24
392#1594647449#::1..71.63*#/svg/geo/geo.php#Mozilla/5.0 (Windows NT 10.0; Win64; x64) AppleWebKit/537.36 (KHTML, like Gecko) Chrome/83.0.4103.116 Safari/537.36#1920 x 1080#http://localhost/svg/geo/#24
393#1594647474#::1..71.63*#/svg/geo/geo.php#Mozilla/5.0 (Windows NT 10.0; Win64; x64) AppleWebKit/537.36 (KHTML, like Gecko) Chrome/83.0.4103.116 Safari/537.36#1920 x 1080#http://localhost/svg/geo/#24
394#1594647812#::1..71.63*#/svg/geo/geo.php#Mozilla/5.0 (Windows NT 10.0; Win64; x64) AppleWebKit/537.36 (KHTML, like Gecko) Chrome/83.0.4103.116 Safari/537.36#1920 x 1080#http://localhost/svg/geo/#24
395#1594647958#::1..71.63*#/svg/geo/geo.php#Mozilla/5.0 (Windows NT 10.0; Win64; x64) AppleWebKit/537.36 (KHTML, like Gecko) Chrome/83.0.4103.116 Safari/537.36#1920 x 1080#http://localhost/svg/geo/#24
396#1594648021#::1..71.63*#/svg/geo/geo.php#Mozilla/5.0 (Windows NT 10.0; Win64; x64) AppleWebKit/537.36 (KHTML, like Gecko) Chrome/83.0.4103.116 Safari/537.36#1920 x 1080#http://localhost/svg/geo/#24
397#1594648076#::1..71.63*#/svg/geo/geo.php#Mozilla/5.0 (Windows NT 10.0; Win64; x64) AppleWebKit/537.36 (KHTML, like Gecko) Chrome/83.0.4103.116 Safari/537.36#1920 x 1080#http://localhost/svg/geo/#24
398#1594648078#::1..71.63*#/svg/geo/geo.php#Mozilla/5.0 (Windows NT 10.0; Win64; x64) AppleWebKit/537.36 (KHTML, like Gecko) Chrome/83.0.4103.116 Safari/537.36#1920 x 1080#http://localhost/svg/geo/#24
399#1594648100#::1..71.63*#/svg/geo/geo.php#Mozilla/5.0 (Windows NT 10.0; Win64; x64) AppleWebKit/537.36 (KHTML, like Gecko) Chrome/83.0.4103.116 Safari/537.36#1920 x 1080#http://localhost/svg/geo/#24
400#1594648116#::1..71.63*#/svg/geo/geo.php#Mozilla/5.0 (Windows NT 10.0; Win64; x64) AppleWebKit/537.36 (KHTML, like Gecko) Chrome/83.0.4103.116 Safari/537.36#1920 x 1080#http://localhost/svg/geo/#24
401#1594648175#::1..71.63*#/svg/geo/geo.php#Mozilla/5.0 (Windows NT 10.0; Win64; x64) AppleWebKit/537.36 (KHTML, like Gecko) Chrome/83.0.4103.116 Safari/537.36#1920 x 1080#http://localhost/svg/geo/#24
402#1594648186#::1..71.63*#/svg/geo/geo.php#Mozilla/5.0 (Windows NT 10.0; Win64; x64) AppleWebKit/537.36 (KHTML, like Gecko) Chrome/83.0.4103.116 Safari/537.36#1920 x 1080#http://localhost/svg/geo/#24
403#1594648197#::1..71.63*#/svg/geo/geo.php#Mozilla/5.0 (Windows NT 10.0; Win64; x64) AppleWebKit/537.36 (KHTML, like Gecko) Chrome/83.0.4103.116 Safari/537.36#1920 x 1080#http://localhost/svg/geo/#24
404#1594648204#::1..71.63*#/svg/geo/geo.php#Mozilla/5.0 (Windows NT 10.0; Win64; x64) AppleWebKit/537.36 (KHTML, like Gecko) Chrome/83.0.4103.116 Safari/537.36#1920 x 1080#http://localhost/svg/geo/#24
405#1594648211#::1..71.63*#/svg/geo/#Mozilla/5.0 (Windows NT 10.0; Win64; x64) AppleWebKit/537.36 (KHTML, like Gecko) Chrome/83.0.4103.116 Safari/537.36#1920 x 1080#http://localhost/svg/#24
406#1594648233#::1..71.63*#/svg/geo/#Mozilla/5.0 (Windows NT 10.0; Win64; x64) AppleWebKit/537.36 (KHTML, like Gecko) Chrome/83.0.4103.116 Safari/537.36#1920 x 1080#http://localhost/svg/#24
